Running SLURM prolog script on ruby032.cluster.local
===============================================================================
Job started on Sun Mar 19 15:24:11 GMT 2023
Job ID          : 2862233
Job name        : 12k
WorkDir         : /ssdfs/users/jmom1n15/mode-one-roughness-data/outer-scaling/12000
Command         : /ssdfs/users/jmom1n15/mode-one-roughness-data/outer-scaling/12000/subOpt
Partition       : amd
Num hosts       : 4
Num cores       : 256
Num of tasks    : 256
Hosts allocated : ruby[032-033,039,044]
Job Output Follows ...
===============================================================================
Starting calculation at Sun Mar 19 15:24:11 GMT 2023
---------------------------------------------------------------
make: Entering directory `/mainfs/home/jmom1n15/Lotus/solver/src/geom'
make: `libgeom.a' is up to date.
make: Leaving directory `/mainfs/home/jmom1n15/Lotus/solver/src/geom'
make: Entering directory `/mainfs/home/jmom1n15/Lotus/solver/src/oop'
make: `libfluid.a' is up to date.
make: Leaving directory `/mainfs/home/jmom1n15/Lotus/solver/src/oop'
mpif90 -cpp -DMPION  -Ofast -funroll-loops --param max-unroll-times=4  -I/home/jmom1n15/Lotus/solver/src/oop -I/home/jmom1n15/Lotus/solver/src/geom/geom_lib_include -c lotus.f90
mpif90 -cpp -DMPION  -Ofast -funroll-loops --param max-unroll-times=4  -o lotus lotus.o -L/home/jmom1n15/Lotus/solver/src/oop/. -L/home/jmom1n15/Lotus/solver/src/geom/. -lfluid -lgeom
 Setting up the grid, body and fluid
 -----------------------------------
composite(1536.0)=1536
  products :3*2**9
composite(1536.0)=1536
  products :3*2**9
composite(384.0)=384
  products :3*2**7
 Stretched grid sections:
  negative: r= 0.6%, h_max=12.5
  positive: r= 0.6%, h_max=9.9
 grid symmetry:  F
 Stretched grid sections:
  negative: r= 0.4%, h_max=6.0
  positive: r= 0.4%, h_max=6.0
 grid symmetry:  T
 Starting time update loop
 -----------------------------------
Time:          0.000
Time:          1.001
Time:          2.000
Time:          3.000
Time:          4.001
Time:          5.001
Time:          6.000
 Loop complete: writing restart files and exiting
 -----------------------------------
make: Entering directory `/mainfs/home/jmom1n15/Lotus/solver/src/geom'
make: `libgeom.a' is up to date.
make: Leaving directory `/mainfs/home/jmom1n15/Lotus/solver/src/geom'
make: Entering directory `/mainfs/home/jmom1n15/Lotus/solver/src/oop'
make: `libfluid.a' is up to date.
make: Leaving directory `/mainfs/home/jmom1n15/Lotus/solver/src/oop'
mpif90 -cpp -DMPION  -Ofast -funroll-loops --param max-unroll-times=4  -I/home/jmom1n15/Lotus/solver/src/oop -I/home/jmom1n15/Lotus/solver/src/geom/geom_lib_include -c lotus.f90
mpif90 -cpp -DMPION  -Ofast -funroll-loops --param max-unroll-times=4  -o lotus lotus.o -L/home/jmom1n15/Lotus/solver/src/oop/. -L/home/jmom1n15/Lotus/solver/src/geom/. -lfluid -lgeom
 Setting up the grid, body and fluid
 -----------------------------------
composite(1536.0)=1536
  products :3*2**9
composite(1536.0)=1536
  products :3*2**9
composite(192.0)=192
  products :3*2**6
 Stretched grid sections:
  negative: r= 0.6%, h_max=12.5
  positive: r= 0.6%, h_max=9.9
 grid symmetry:  F
 Stretched grid sections:
  negative: r= 0.4%, h_max=6.0
  positive: r= 0.4%, h_max=6.0
 grid symmetry:  T
 Starting time update loop
 -----------------------------------
Time:          0.000
Time:          1.001
Time:          2.001
Time:          3.000
Time:          4.000
Time:          5.001
Time:          6.001
 Loop complete: writing restart files and exiting
 -----------------------------------
make: Entering directory `/mainfs/home/jmom1n15/Lotus/solver/src/geom'
make: `libgeom.a' is up to date.
make: Leaving directory `/mainfs/home/jmom1n15/Lotus/solver/src/geom'
make: Entering directory `/mainfs/home/jmom1n15/Lotus/solver/src/oop'
make: `libfluid.a' is up to date.
make: Leaving directory `/mainfs/home/jmom1n15/Lotus/solver/src/oop'
mpif90 -cpp -DMPION  -Ofast -funroll-loops --param max-unroll-times=4  -I/home/jmom1n15/Lotus/solver/src/oop -I/home/jmom1n15/Lotus/solver/src/geom/geom_lib_include -c lotus.f90
mpif90 -cpp -DMPION  -Ofast -funroll-loops --param max-unroll-times=4  -o lotus lotus.o -L/home/jmom1n15/Lotus/solver/src/oop/. -L/home/jmom1n15/Lotus/solver/src/geom/. -lfluid -lgeom
 Setting up the grid, body and fluid
 -----------------------------------
composite(1536.0)=1536
  products :3*2**9
composite(1536.0)=1536
  products :3*2**9
composite(153.6)=160
  products :5*2**5
 Stretched grid sections:
  negative: r= 0.6%, h_max=12.5
  positive: r= 0.6%, h_max=9.9
 grid symmetry:  F
 Stretched grid sections:
  negative: r= 0.4%, h_max=6.0
  positive: r= 0.4%, h_max=6.0
 grid symmetry:  T
 Starting time update loop
 -----------------------------------
Time:          0.000
Time:          1.001
Time:          2.000
 Loop complete: writing restart files and exiting
 -----------------------------------
make: Entering directory `/mainfs/home/jmom1n15/Lotus/solver/src/geom'
make: `libgeom.a' is up to date.
make: Leaving directory `/mainfs/home/jmom1n15/Lotus/solver/src/geom'
make: Entering directory `/mainfs/home/jmom1n15/Lotus/solver/src/oop'
make: `libfluid.a' is up to date.
make: Leaving directory `/mainfs/home/jmom1n15/Lotus/solver/src/oop'
mpif90 -cpp -DMPION  -Ofast -funroll-loops --param max-unroll-times=4  -I/home/jmom1n15/Lotus/solver/src/oop -I/home/jmom1n15/Lotus/solver/src/geom/geom_lib_include -c lotus.f90
mpif90 -cpp -DMPION  -Ofast -funroll-loops --param max-unroll-times=4  -o lotus lotus.o -L/home/jmom1n15/Lotus/solver/src/oop/. -L/home/jmom1n15/Lotus/solver/src/geom/. -lfluid -lgeom
 Setting up the grid, body and fluid
 -----------------------------------
composite(1536.0)=1536
  products :3*2**9
composite(1536.0)=1536
  products :3*2**9
composite(128.0)=128
  products :1*2**7
 Stretched grid sections:
  negative: r= 0.6%, h_max=12.5
  positive: r= 0.6%, h_max=9.9
 grid symmetry:  F
 Stretched grid sections:
  negative: r= 0.4%, h_max=6.0
  positive: r= 0.4%, h_max=6.0
 grid symmetry:  T
 Starting time update loop
 -----------------------------------
Time:          0.000
Time:          1.001
Time:          2.001
Time:          3.000
Time:          4.001
Time:          5.000
Time:          6.000
 Loop complete: writing restart files and exiting
 -----------------------------------
make: Entering directory `/mainfs/home/jmom1n15/Lotus/solver/src/geom'
make: `libgeom.a' is up to date.
make: Leaving directory `/mainfs/home/jmom1n15/Lotus/solver/src/geom'
make: Entering directory `/mainfs/home/jmom1n15/Lotus/solver/src/oop'
make: `libfluid.a' is up to date.
make: Leaving directory `/mainfs/home/jmom1n15/Lotus/solver/src/oop'
mpif90 -cpp -DMPION  -Ofast -funroll-loops --param max-unroll-times=4  -I/home/jmom1n15/Lotus/solver/src/oop -I/home/jmom1n15/Lotus/solver/src/geom/geom_lib_include -c lotus.f90
mpif90 -cpp -DMPION  -Ofast -funroll-loops --param max-unroll-times=4  -o lotus lotus.o -L/home/jmom1n15/Lotus/solver/src/oop/. -L/home/jmom1n15/Lotus/solver/src/geom/. -lfluid -lgeom
 Setting up the grid, body and fluid
 -----------------------------------
composite(1536.0)=1536
  products :3*2**9
composite(1536.0)=1536
  products :3*2**9
composite(109.7)=112
  products :7*2**4
 Stretched grid sections:
  negative: r= 0.6%, h_max=12.5
  positive: r= 0.6%, h_max=9.9
 grid symmetry:  F
 Stretched grid sections:
  negative: r= 0.4%, h_max=6.0
  positive: r= 0.4%, h_max=6.0
 grid symmetry:  T
 Starting time update loop
 -----------------------------------
Time:          0.000
 Loop complete: writing restart files and exiting
 -----------------------------------
make: Entering directory `/mainfs/home/jmom1n15/Lotus/solver/src/geom'
make: `libgeom.a' is up to date.
make: Leaving directory `/mainfs/home/jmom1n15/Lotus/solver/src/geom'
make: Entering directory `/mainfs/home/jmom1n15/Lotus/solver/src/oop'
make: `libfluid.a' is up to date.
make: Leaving directory `/mainfs/home/jmom1n15/Lotus/solver/src/oop'
mpif90 -cpp -DMPION  -Ofast -funroll-loops --param max-unroll-times=4  -I/home/jmom1n15/Lotus/solver/src/oop -I/home/jmom1n15/Lotus/solver/src/geom/geom_lib_include -c lotus.f90
mpif90 -cpp -DMPION  -Ofast -funroll-loops --param max-unroll-times=4  -o lotus lotus.o -L/home/jmom1n15/Lotus/solver/src/oop/. -L/home/jmom1n15/Lotus/solver/src/geom/. -lfluid -lgeom
 Setting up the grid, body and fluid
 -----------------------------------
composite(1536.0)=1536
  products :3*2**9
composite(1536.0)=1536
  products :3*2**9
composite(96.0)=96
  products :3*2**5
 Stretched grid sections:
  negative: r= 0.6%, h_max=12.5
  positive: r= 0.6%, h_max=9.9
 grid symmetry:  F
 Stretched grid sections:
  negative: r= 0.4%, h_max=6.0
  positive: r= 0.4%, h_max=6.0
 grid symmetry:  T
 Starting time update loop
 -----------------------------------
Time:          0.000
Time:          1.001
Time:          3.001
Time:          4.000
Time:          5.001
Time:          6.001
 Loop complete: writing restart files and exiting
 -----------------------------------
make: Entering directory `/mainfs/home/jmom1n15/Lotus/solver/src/geom'
make: `libgeom.a' is up to date.
make: Leaving directory `/mainfs/home/jmom1n15/Lotus/solver/src/geom'
make: Entering directory `/mainfs/home/jmom1n15/Lotus/solver/src/oop'
make: `libfluid.a' is up to date.
make: Leaving directory `/mainfs/home/jmom1n15/Lotus/solver/src/oop'
mpif90 -cpp -DMPION  -Ofast -funroll-loops --param max-unroll-times=4  -I/home/jmom1n15/Lotus/solver/src/oop -I/home/jmom1n15/Lotus/solver/src/geom/geom_lib_include -c lotus.f90
mpif90 -cpp -DMPION  -Ofast -funroll-loops --param max-unroll-times=4  -o lotus lotus.o -L/home/jmom1n15/Lotus/solver/src/oop/. -L/home/jmom1n15/Lotus/solver/src/geom/. -lfluid -lgeom
 Setting up the grid, body and fluid
 -----------------------------------
composite(1536.0)=1536
  products :3*2**9
composite(1536.0)=1536
  products :3*2**9
composite(85.3)=88
  products :11*2**3
 Stretched grid sections:
  negative: r= 0.6%, h_max=12.5
  positive: r= 0.6%, h_max=9.9
 grid symmetry:  F
 Stretched grid sections:
  negative: r= 0.4%, h_max=6.0
  positive: r= 0.4%, h_max=6.0
 grid symmetry:  T
 Starting time update loop
 -----------------------------------
Time:          0.000
 Loop complete: writing restart files and exiting
 -----------------------------------
make: Entering directory `/mainfs/home/jmom1n15/Lotus/solver/src/geom'
make: `libgeom.a' is up to date.
make: Leaving directory `/mainfs/home/jmom1n15/Lotus/solver/src/geom'
make: Entering directory `/mainfs/home/jmom1n15/Lotus/solver/src/oop'
make: `libfluid.a' is up to date.
make: Leaving directory `/mainfs/home/jmom1n15/Lotus/solver/src/oop'
mpif90 -cpp -DMPION  -Ofast -funroll-loops --param max-unroll-times=4  -I/home/jmom1n15/Lotus/solver/src/oop -I/home/jmom1n15/Lotus/solver/src/geom/geom_lib_include -c lotus.f90
mpif90 -cpp -DMPION  -Ofast -funroll-loops --param max-unroll-times=4  -o lotus lotus.o -L/home/jmom1n15/Lotus/solver/src/oop/. -L/home/jmom1n15/Lotus/solver/src/geom/. -lfluid -lgeom
 Setting up the grid, body and fluid
 -----------------------------------
composite(1536.0)=1536
  products :3*2**9
composite(1536.0)=1536
  products :3*2**9
composite(76.8)=80
  products :5*2**4
 Stretched grid sections:
  negative: r= 0.6%, h_max=12.5
  positive: r= 0.6%, h_max=9.9
 grid symmetry:  F
 Stretched grid sections:
  negative: r= 0.4%, h_max=6.0
  positive: r= 0.4%, h_max=6.0
 grid symmetry:  T
 Starting time update loop
 -----------------------------------
Time:          0.000
 Loop complete: writing restart files and exiting
 -----------------------------------
make: Entering directory `/mainfs/home/jmom1n15/Lotus/solver/src/geom'
make: `libgeom.a' is up to date.
make: Leaving directory `/mainfs/home/jmom1n15/Lotus/solver/src/geom'
make: Entering directory `/mainfs/home/jmom1n15/Lotus/solver/src/oop'
make: `libfluid.a' is up to date.
make: Leaving directory `/mainfs/home/jmom1n15/Lotus/solver/src/oop'
mpif90 -cpp -DMPION  -Ofast -funroll-loops --param max-unroll-times=4  -I/home/jmom1n15/Lotus/solver/src/oop -I/home/jmom1n15/Lotus/solver/src/geom/geom_lib_include -c lotus.f90
mpif90 -cpp -DMPION  -Ofast -funroll-loops --param max-unroll-times=4  -o lotus lotus.o -L/home/jmom1n15/Lotus/solver/src/oop/. -L/home/jmom1n15/Lotus/solver/src/geom/. -lfluid -lgeom
 Setting up the grid, body and fluid
 -----------------------------------
composite(1536.0)=1536
  products :3*2**9
composite(1536.0)=1536
  products :3*2**9
composite(69.8)=72
  products :9*2**3
 Stretched grid sections:
  negative: r= 0.6%, h_max=12.5
  positive: r= 0.6%, h_max=9.9
 grid symmetry:  F
 Stretched grid sections:
  negative: r= 0.4%, h_max=6.0
  positive: r= 0.4%, h_max=6.0
 grid symmetry:  T
 Starting time update loop
 -----------------------------------
Time:          0.000
 Loop complete: writing restart files and exiting
 -----------------------------------
make: Entering directory `/mainfs/home/jmom1n15/Lotus/solver/src/geom'
make: `libgeom.a' is up to date.
make: Leaving directory `/mainfs/home/jmom1n15/Lotus/solver/src/geom'
make: Entering directory `/mainfs/home/jmom1n15/Lotus/solver/src/oop'
make: `libfluid.a' is up to date.
make: Leaving directory `/mainfs/home/jmom1n15/Lotus/solver/src/oop'
mpif90 -cpp -DMPION  -Ofast -funroll-loops --param max-unroll-times=4  -I/home/jmom1n15/Lotus/solver/src/oop -I/home/jmom1n15/Lotus/solver/src/geom/geom_lib_include -c lotus.f90
mpif90 -cpp -DMPION  -Ofast -funroll-loops --param max-unroll-times=4  -o lotus lotus.o -L/home/jmom1n15/Lotus/solver/src/oop/. -L/home/jmom1n15/Lotus/solver/src/geom/. -lfluid -lgeom
 Setting up the grid, body and fluid
 -----------------------------------
composite(1536.0)=1536
  products :3*2**9
composite(1536.0)=1536
  products :3*2**9
composite(64.0)=64
  products :1*2**6
 Stretched grid sections:
  negative: r= 0.6%, h_max=12.5
  positive: r= 0.6%, h_max=9.9
 grid symmetry:  F
 Stretched grid sections:
  negative: r= 0.4%, h_max=6.0
  positive: r= 0.4%, h_max=6.0
 grid symmetry:  T
 Starting time update loop
 -----------------------------------
Time:          0.000
Time:          1.001
Time:          2.001
Time:          3.001
Time:          4.000
Time:          5.000
Time:          6.001
 Loop complete: writing restart files and exiting
 -----------------------------------
make: Entering directory `/mainfs/home/jmom1n15/Lotus/solver/src/geom'
make: `libgeom.a' is up to date.
make: Leaving directory `/mainfs/home/jmom1n15/Lotus/solver/src/geom'
make: Entering directory `/mainfs/home/jmom1n15/Lotus/solver/src/oop'
make: `libfluid.a' is up to date.
make: Leaving directory `/mainfs/home/jmom1n15/Lotus/solver/src/oop'
mpif90 -cpp -DMPION  -Ofast -funroll-loops --param max-unroll-times=4  -I/home/jmom1n15/Lotus/solver/src/oop -I/home/jmom1n15/Lotus/solver/src/geom/geom_lib_include -c lotus.f90
mpif90 -cpp -DMPION  -Ofast -funroll-loops --param max-unroll-times=4  -o lotus lotus.o -L/home/jmom1n15/Lotus/solver/src/oop/. -L/home/jmom1n15/Lotus/solver/src/geom/. -lfluid -lgeom
STOP composite found p<3. Execution stopped.
STOP composite found p<3. Execution stopped.
STOP composite found p<3. Execution stopped.
STOP composite found p<3. Execution stopped.
STOP composite found p<3. Execution stopped.
STOP composite found p<3. Execution stopped.
STOP composite found p<3. Execution stopped.
STOP composite found p<3. Execution stopped.
STOP composite found p<3. Execution stopped.
STOP composite found p<3. Execution stopped.
STOP composite found p<3. Execution stopped.
STOP composite found p<3. Execution stopped.
STOP composite found p<3. Execution stopped.
STOP composite found p<3. Execution stopped.
STOP composite found p<3. Execution stopped.
STOP composite found p<3. Execution stopped.
STOP composite found p<3. Execution stopped.
STOP composite found p<3. Execution stopped.
STOP composite found p<3. Execution stopped.
STOP composite found p<3. Execution stopped.
STOP composite found p<3. Execution stopped.
STOP composite found p<3. Execution stopped.
STOP composite found p<3. Execution stopped.
STOP composite found p<3. Execution stopped.
STOP composite found p<3. Execution stopped.
STOP composite found p<3. Execution stopped.
STOP composite found p<3. Execution stopped.
STOP composite found p<3. Execution stopped.
STOP composite found p<3. Execution stopped.
STOP composite found p<3. Execution stopped.
STOP composite found p<3. Execution stopped.
STOP composite found p<3. Execution stopped.
STOP composite found p<3. Execution stopped.
STOP composite found p<3. Execution stopped.
STOP composite found p<3. Execution stopped.
STOP composite found p<3. Execution stopped.
STOP composite found p<3. Execution stopped.
STOP composite found p<3. Execution stopped.
STOP composite found p<3. Execution stopped.
STOP composite found p<3. Execution stopped.
STOP composite found p<3. Execution stopped.
STOP composite found p<3. Execution stopped.
STOP composite found p<3. Execution stopped.
STOP composite found p<3. Execution stopped.
STOP composite found p<3. Execution stopped.
STOP composite found p<3. Execution stopped.
 Setting up the grid, body and fluid
 -----------------------------------
composite(1536.0)=1536
  products :3*2**9
composite(1536.0)=1536
  products :3*2**9
STOP composite found p<3. Execution stopped.
STOP composite found p<3. Execution stopped.
STOP composite found p<3. Execution stopped.
STOP composite found p<3. Execution stopped.
STOP composite found p<3. Execution stopped.
STOP composite found p<3. Execution stopped.
STOP composite found p<3. Execution stopped.
STOP composite found p<3. Execution stopped.
STOP composite found p<3. Execution stopped.
STOP composite found p<3. Execution stopped.
STOP composite found p<3. Execution stopped.
STOP composite found p<3. Execution stopped.
STOP composite found p<3. Execution stopped.
STOP composite found p<3. Execution stopped.
STOP composite found p<3. Execution stopped.
STOP composite found p<3. Execution stopped.
STOP composite found p<3. Execution stopped.
STOP composite found p<3. Execution stopped.
STOP composite found p<3. Execution stopped.
STOP composite found p<3. Execution stopped.
STOP composite found p<3. Execution stopped.
STOP composite found p<3. Execution stopped.
STOP composite found p<3. Execution stopped.
STOP composite found p<3. Execution stopped.
STOP composite found p<3. Execution stopped.
STOP composite found p<3. Execution stopped.
STOP composite found p<3. Execution stopped.
STOP composite found p<3. Execution stopped.
STOP composite found p<3. Execution stopped.
STOP composite found p<3. Execution stopped.
STOP composite found p<3. Execution stopped.
STOP composite found p<3. Execution stopped.
STOP composite found p<3. Execution stopped.
STOP composite found p<3. Execution stopped.
STOP composite found p<3. Execution stopped.
STOP composite found p<3. Execution stopped.
STOP composite found p<3. Execution stopped.
STOP composite found p<3. Execution stopped.
STOP composite found p<3. Execution stopped.
STOP composite found p<3. Execution stopped.
STOP composite found p<3. Execution stopped.
STOP composite found p<3. Execution stopped.
STOP composite found p<3. Execution stopped.
STOP composite found p<3. Execution stopped.
STOP composite found p<3. Execution stopped.
STOP composite found p<3. Execution stopped.
STOP composite found p<3. Execution stopped.
STOP composite found p<3. Execution stopped.
STOP composite found p<3. Execution stopped.
STOP composite found p<3. Execution stopped.
STOP composite found p<3. Execution stopped.
STOP composite found p<3. Execution stopped.
STOP composite found p<3. Execution stopped.
STOP composite found p<3. Execution stopped.
STOP composite found p<3. Execution stopped.
STOP composite found p<3. Execution stopped.
STOP composite found p<3. Execution stopped.
STOP composite found p<3. Execution stopped.
STOP composite found p<3. Execution stopped.
STOP composite found p<3. Execution stopped.
STOP composite found p<3. Execution stopped.
STOP composite found p<3. Execution stopped.
STOP composite found p<3. Execution stopped.
STOP composite found p<3. Execution stopped.
STOP composite found p<3. Execution stopped.
STOP composite found p<3. Execution stopped.
STOP composite found p<3. Execution stopped.
STOP composite found p<3. Execution stopped.
STOP composite found p<3. Execution stopped.
STOP composite found p<3. Execution stopped.
STOP composite found p<3. Execution stopped.
STOP composite found p<3. Execution stopped.
STOP composite found p<3. Execution stopped.
STOP composite found p<3. Execution stopped.
STOP composite found p<3. Execution stopped.
STOP composite found p<3. Execution stopped.
STOP composite found p<3. Execution stopped.
STOP composite found p<3. Execution stopped.
STOP composite found p<3. Execution stopped.
STOP composite found p<3. Execution stopped.
STOP composite found p<3. Execution stopped.
STOP composite found p<3. Execution stopped.
STOP composite found p<3. Execution stopped.
STOP composite found p<3. Execution stopped.
STOP composite found p<3. Execution stopped.
STOP composite found p<3. Execution stopped.
STOP composite found p<3. Execution stopped.
STOP composite found p<3. Execution stopped.
STOP composite found p<3. Execution stopped.
STOP composite found p<3. Execution stopped.
STOP composite found p<3. Execution stopped.
STOP composite found p<3. Execution stopped.
STOP composite found p<3. Execution stopped.
STOP composite found p<3. Execution stopped.
STOP composite found p<3. Execution stopped.
STOP composite found p<3. Execution stopped.
STOP composite found p<3. Execution stopped.
STOP composite found p<3. Execution stopped.
STOP composite found p<3. Execution stopped.
STOP composite found p<3. Execution stopped.
STOP composite found p<3. Execution stopped.
STOP composite found p<3. Execution stopped.
STOP composite found p<3. Execution stopped.
STOP composite found p<3. Execution stopped.
STOP composite found p<3. Execution stopped.
STOP composite found p<3. Execution stopped.
STOP composite found p<3. Execution stopped.
STOP composite found p<3. Execution stopped.
STOP composite found p<3. Execution stopped.
STOP composite found p<3. Execution stopped.
STOP composite found p<3. Execution stopped.
STOP composite found p<3. Execution stopped.
STOP composite found p<3. Execution stopped.
STOP composite found p<3. Execution stopped.
STOP composite found p<3. Execution stopped.
STOP composite found p<3. Execution stopped.
STOP composite found p<3. Execution stopped.
STOP composite found p<3. Execution stopped.
STOP composite found p<3. Execution stopped.
STOP composite found p<3. Execution stopped.
STOP composite found p<3. Execution stopped.
STOP composite found p<3. Execution stopped.
STOP composite found p<3. Execution stopped.
STOP composite found p<3. Execution stopped.
STOP composite found p<3. Execution stopped.
STOP composite found p<3. Execution stopped.
STOP composite found p<3. Execution stopped.
STOP composite found p<3. Execution stopped.
STOP composite found p<3. Execution stopped.
STOP composite found p<3. Execution stopped.
STOP composite found p<3. Execution stopped.
STOP composite found p<3. Execution stopped.
STOP composite found p<3. Execution stopped.
STOP composite found p<3. Execution stopped.
STOP composite found p<3. Execution stopped.
STOP composite found p<3. Execution stopped.
STOP composite found p<3. Execution stopped.
STOP composite found p<3. Execution stopped.
STOP composite found p<3. Execution stopped.
STOP composite found p<3. Execution stopped.
STOP composite found p<3. Execution stopped.
STOP composite found p<3. Execution stopped.
STOP composite found p<3. Execution stopped.
STOP composite found p<3. Execution stopped.
STOP composite found p<3. Execution stopped.
STOP composite found p<3. Execution stopped.
STOP composite found p<3. Execution stopped.
STOP composite found p<3. Execution stopped.
STOP composite found p<3. Execution stopped.
STOP composite found p<3. Execution stopped.
STOP composite found p<3. Execution stopped.
STOP composite found p<3. Execution stopped.
STOP composite found p<3. Execution stopped.
STOP composite found p<3. Execution stopped.
STOP composite found p<3. Execution stopped.
STOP composite found p<3. Execution stopped.
STOP composite found p<3. Execution stopped.
STOP composite found p<3. Execution stopped.
STOP composite found p<3. Execution stopped.
STOP composite found p<3. Execution stopped.
STOP composite found p<3. Execution stopped.
STOP composite found p<3. Execution stopped.
STOP composite found p<3. Execution stopped.
STOP composite found p<3. Execution stopped.
STOP composite found p<3. Execution stopped.
STOP composite found p<3. Execution stopped.
STOP composite found p<3. Execution stopped.
STOP composite found p<3. Execution stopped.
STOP composite found p<3. Execution stopped.
STOP composite found p<3. Execution stopped.
STOP composite found p<3. Execution stopped.
STOP composite found p<3. Execution stopped.
STOP composite found p<3. Execution stopped.
STOP composite found p<3. Execution stopped.
STOP composite found p<3. Execution stopped.
STOP composite found p<3. Execution stopped.
STOP composite found p<3. Execution stopped.
STOP composite found p<3. Execution stopped.
STOP composite found p<3. Execution stopped.
STOP composite found p<3. Execution stopped.
STOP composite found p<3. Execution stopped.
STOP composite found p<3. Execution stopped.
STOP composite found p<3. Execution stopped.
STOP composite found p<3. Execution stopped.
STOP composite found p<3. Execution stopped.
STOP composite found p<3. Execution stopped.
STOP composite found p<3. Execution stopped.
STOP composite found p<3. Execution stopped.
STOP composite found p<3. Execution stopped.
STOP composite found p<3. Execution stopped.
STOP composite found p<3. Execution stopped.
STOP composite found p<3. Execution stopped.
STOP composite found p<3. Execution stopped.
STOP composite found p<3. Execution stopped.
STOP composite found p<3. Execution stopped.
STOP composite found p<3. Execution stopped.
STOP composite found p<3. Execution stopped.
STOP composite found p<3. Execution stopped.
STOP composite found p<3. Execution stopped.
STOP composite found p<3. Execution stopped.
STOP composite found p<3. Execution stopped.
STOP composite found p<3. Execution stopped.
STOP composite found p<3. Execution stopped.
STOP composite found p<3. Execution stopped.
STOP composite found p<3. Execution stopped.
STOP composite found p<3. Execution stopped.
STOP composite found p<3. Execution stopped.
STOP composite found p<3. Execution stopped.
STOP composite found p<3. Execution stopped.
STOP composite found p<3. Execution stopped.
make: Entering directory `/mainfs/home/jmom1n15/Lotus/solver/src/geom'
make: `libgeom.a' is up to date.
make: Leaving directory `/mainfs/home/jmom1n15/Lotus/solver/src/geom'
make: Entering directory `/mainfs/home/jmom1n15/Lotus/solver/src/oop'
make: `libfluid.a' is up to date.
make: Leaving directory `/mainfs/home/jmom1n15/Lotus/solver/src/oop'
mpif90 -cpp -DMPION  -Ofast -funroll-loops --param max-unroll-times=4  -I/home/jmom1n15/Lotus/solver/src/oop -I/home/jmom1n15/Lotus/solver/src/geom/geom_lib_include -c lotus.f90
mpif90 -cpp -DMPION  -Ofast -funroll-loops --param max-unroll-times=4  -o lotus lotus.o -L/home/jmom1n15/Lotus/solver/src/oop/. -L/home/jmom1n15/Lotus/solver/src/geom/. -lfluid -lgeom
 Setting up the grid, body and fluid
 -----------------------------------
composite(1536.0)=1536
  products :3*2**9
composite(1536.0)=1536
  products :3*2**9
composite(54.9)=56
  products :7*2**3
 Stretched grid sections:
  negative: r= 0.6%, h_max=12.5
  positive: r= 0.6%, h_max=9.9
 grid symmetry:  F
 Stretched grid sections:
  negative: r= 0.4%, h_max=6.0
  positive: r= 0.4%, h_max=6.0
 grid symmetry:  T
 Starting time update loop
 -----------------------------------
Time:          0.000
Time:          1.001
Time:          2.001
Time:          3.001
Time:          4.000
Time:          5.000
Time:          6.001
 Loop complete: writing restart files and exiting
 -----------------------------------
make: Entering directory `/mainfs/home/jmom1n15/Lotus/solver/src/geom'
make: `libgeom.a' is up to date.
make: Leaving directory `/mainfs/home/jmom1n15/Lotus/solver/src/geom'
make: Entering directory `/mainfs/home/jmom1n15/Lotus/solver/src/oop'
make: `libfluid.a' is up to date.
make: Leaving directory `/mainfs/home/jmom1n15/Lotus/solver/src/oop'
mpif90 -cpp -DMPION  -Ofast -funroll-loops --param max-unroll-times=4  -I/home/jmom1n15/Lotus/solver/src/oop -I/home/jmom1n15/Lotus/solver/src/geom/geom_lib_include -c lotus.f90
mpif90 -cpp -DMPION  -Ofast -funroll-loops --param max-unroll-times=4  -o lotus lotus.o -L/home/jmom1n15/Lotus/solver/src/oop/. -L/home/jmom1n15/Lotus/solver/src/geom/. -lfluid -lgeom
 Setting up the grid, body and fluid
 -----------------------------------
composite(1536.0)=1536
  products :3*2**9
composite(1536.0)=1536
  products :3*2**9
composite(48.0)=48
  products :3*2**4
 Stretched grid sections:
  negative: r= 0.6%, h_max=12.5
  positive: r= 0.6%, h_max=9.9
 grid symmetry:  F
 Stretched grid sections:
  negative: r= 0.4%, h_max=6.0
  positive: r= 0.4%, h_max=6.0
 grid symmetry:  T
 Starting time update loop
 -----------------------------------
Time:          0.000
Time:          1.001
Time:          2.001
Time:          3.002
Time:          4.001
Time:          5.000
Time:          6.001
 Loop complete: writing restart files and exiting
 -----------------------------------
make: Entering directory `/mainfs/home/jmom1n15/Lotus/solver/src/geom'
make: `libgeom.a' is up to date.
make: Leaving directory `/mainfs/home/jmom1n15/Lotus/solver/src/geom'
make: Entering directory `/mainfs/home/jmom1n15/Lotus/solver/src/oop'
make: `libfluid.a' is up to date.
make: Leaving directory `/mainfs/home/jmom1n15/Lotus/solver/src/oop'
mpif90 -cpp -DMPION  -Ofast -funroll-loops --param max-unroll-times=4  -I/home/jmom1n15/Lotus/solver/src/oop -I/home/jmom1n15/Lotus/solver/src/geom/geom_lib_include -c lotus.f90
mpif90 -cpp -DMPION  -Ofast -funroll-loops --param max-unroll-times=4  -o lotus lotus.o -L/home/jmom1n15/Lotus/solver/src/oop/. -L/home/jmom1n15/Lotus/solver/src/geom/. -lfluid -lgeom
STOP composite found p<3. Execution stopped.
STOP composite found p<3. Execution stopped.
STOP composite found p<3. Execution stopped.
STOP composite found p<3. Execution stopped.
STOP composite found p<3. Execution stopped.
STOP composite found p<3. Execution stopped.
STOP composite found p<3. Execution stopped.
STOP composite found p<3. Execution stopped.
STOP composite found p<3. Execution stopped.
STOP composite found p<3. Execution stopped.
STOP composite found p<3. Execution stopped.
STOP composite found p<3. Execution stopped.
STOP composite found p<3. Execution stopped.
STOP composite found p<3. Execution stopped.
STOP composite found p<3. Execution stopped.
STOP composite found p<3. Execution stopped.
STOP composite found p<3. Execution stopped.
STOP composite found p<3. Execution stopped.
STOP composite found p<3. Execution stopped.
STOP composite found p<3. Execution stopped.
STOP composite found p<3. Execution stopped.
STOP composite found p<3. Execution stopped.
STOP composite found p<3. Execution stopped.
STOP composite found p<3. Execution stopped.
STOP composite found p<3. Execution stopped.
STOP composite found p<3. Execution stopped.
STOP composite found p<3. Execution stopped.
STOP composite found p<3. Execution stopped.
STOP composite found p<3. Execution stopped.
STOP composite found p<3. Execution stopped.
STOP composite found p<3. Execution stopped.
STOP composite found p<3. Execution stopped.
STOP composite found p<3. Execution stopped.
STOP composite found p<3. Execution stopped.
STOP composite found p<3. Execution stopped.
STOP composite found p<3. Execution stopped.
STOP composite found p<3. Execution stopped.
STOP composite found p<3. Execution stopped.
STOP composite found p<3. Execution stopped.
STOP composite found p<3. Execution stopped.
STOP composite found p<3. Execution stopped.
STOP composite found p<3. Execution stopped.
STOP composite found p<3. Execution stopped.
STOP composite found p<3. Execution stopped.
STOP composite found p<3. Execution stopped.
STOP composite found p<3. Execution stopped.
STOP composite found p<3. Execution stopped.
STOP composite found p<3. Execution stopped.
STOP composite found p<3. Execution stopped.
STOP composite found p<3. Execution stopped.
STOP composite found p<3. Execution stopped.
STOP composite found p<3. Execution stopped.
STOP composite found p<3. Execution stopped.
STOP composite found p<3. Execution stopped.
STOP composite found p<3. Execution stopped.
STOP composite found p<3. Execution stopped.
STOP composite found p<3. Execution stopped.
STOP composite found p<3. Execution stopped.
STOP composite found p<3. Execution stopped.
 Setting up the grid, body and fluid
 -----------------------------------
composite(1536.0)=1536
  products :3*2**9
composite(1536.0)=1536
  products :3*2**9
STOP composite found p<3. Execution stopped.
STOP composite found p<3. Execution stopped.
STOP composite found p<3. Execution stopped.
STOP composite found p<3. Execution stopped.
STOP composite found p<3. Execution stopped.
STOP composite found p<3. Execution stopped.
STOP composite found p<3. Execution stopped.
STOP composite found p<3. Execution stopped.
STOP composite found p<3. Execution stopped.
STOP composite found p<3. Execution stopped.
STOP composite found p<3. Execution stopped.
STOP composite found p<3. Execution stopped.
STOP composite found p<3. Execution stopped.
STOP composite found p<3. Execution stopped.
STOP composite found p<3. Execution stopped.
STOP composite found p<3. Execution stopped.
STOP composite found p<3. Execution stopped.
STOP composite found p<3. Execution stopped.
STOP composite found p<3. Execution stopped.
STOP composite found p<3. Execution stopped.
STOP composite found p<3. Execution stopped.
STOP composite found p<3. Execution stopped.
STOP composite found p<3. Execution stopped.
STOP composite found p<3. Execution stopped.
STOP composite found p<3. Execution stopped.
STOP composite found p<3. Execution stopped.
STOP composite found p<3. Execution stopped.
STOP composite found p<3. Execution stopped.
STOP composite found p<3. Execution stopped.
STOP composite found p<3. Execution stopped.
STOP composite found p<3. Execution stopped.
STOP composite found p<3. Execution stopped.
STOP composite found p<3. Execution stopped.
STOP composite found p<3. Execution stopped.
STOP composite found p<3. Execution stopped.
STOP composite found p<3. Execution stopped.
STOP composite found p<3. Execution stopped.
STOP composite found p<3. Execution stopped.
STOP composite found p<3. Execution stopped.
STOP composite found p<3. Execution stopped.
STOP composite found p<3. Execution stopped.
STOP composite found p<3. Execution stopped.
STOP composite found p<3. Execution stopped.
STOP composite found p<3. Execution stopped.
STOP composite found p<3. Execution stopped.
STOP composite found p<3. Execution stopped.
STOP composite found p<3. Execution stopped.
STOP composite found p<3. Execution stopped.
STOP composite found p<3. Execution stopped.
STOP composite found p<3. Execution stopped.
STOP composite found p<3. Execution stopped.
STOP composite found p<3. Execution stopped.
STOP composite found p<3. Execution stopped.
STOP composite found p<3. Execution stopped.
STOP composite found p<3. Execution stopped.
STOP composite found p<3. Execution stopped.
STOP composite found p<3. Execution stopped.
STOP composite found p<3. Execution stopped.
STOP composite found p<3. Execution stopped.
STOP composite found p<3. Execution stopped.
STOP composite found p<3. Execution stopped.
STOP composite found p<3. Execution stopped.
STOP composite found p<3. Execution stopped.
STOP composite found p<3. Execution stopped.
STOP composite found p<3. Execution stopped.
STOP composite found p<3. Execution stopped.
STOP composite found p<3. Execution stopped.
STOP composite found p<3. Execution stopped.
STOP composite found p<3. Execution stopped.
STOP composite found p<3. Execution stopped.
STOP composite found p<3. Execution stopped.
STOP composite found p<3. Execution stopped.
STOP composite found p<3. Execution stopped.
STOP composite found p<3. Execution stopped.
STOP composite found p<3. Execution stopped.
STOP composite found p<3. Execution stopped.
STOP composite found p<3. Execution stopped.
STOP composite found p<3. Execution stopped.
STOP composite found p<3. Execution stopped.
STOP composite found p<3. Execution stopped.
STOP composite found p<3. Execution stopped.
STOP composite found p<3. Execution stopped.
STOP composite found p<3. Execution stopped.
STOP composite found p<3. Execution stopped.
STOP composite found p<3. Execution stopped.
STOP composite found p<3. Execution stopped.
STOP composite found p<3. Execution stopped.
STOP composite found p<3. Execution stopped.
STOP composite found p<3. Execution stopped.
STOP composite found p<3. Execution stopped.
STOP composite found p<3. Execution stopped.
STOP composite found p<3. Execution stopped.
STOP composite found p<3. Execution stopped.
STOP composite found p<3. Execution stopped.
STOP composite found p<3. Execution stopped.
STOP composite found p<3. Execution stopped.
STOP composite found p<3. Execution stopped.
STOP composite found p<3. Execution stopped.
STOP composite found p<3. Execution stopped.
STOP composite found p<3. Execution stopped.
STOP composite found p<3. Execution stopped.
STOP composite found p<3. Execution stopped.
STOP composite found p<3. Execution stopped.
STOP composite found p<3. Execution stopped.
STOP composite found p<3. Execution stopped.
STOP composite found p<3. Execution stopped.
STOP composite found p<3. Execution stopped.
STOP composite found p<3. Execution stopped.
STOP composite found p<3. Execution stopped.
STOP composite found p<3. Execution stopped.
STOP composite found p<3. Execution stopped.
STOP composite found p<3. Execution stopped.
STOP composite found p<3. Execution stopped.
STOP composite found p<3. Execution stopped.
STOP composite found p<3. Execution stopped.
STOP composite found p<3. Execution stopped.
STOP composite found p<3. Execution stopped.
STOP composite found p<3. Execution stopped.
STOP composite found p<3. Execution stopped.
STOP composite found p<3. Execution stopped.
STOP composite found p<3. Execution stopped.
STOP composite found p<3. Execution stopped.
STOP composite found p<3. Execution stopped.
STOP composite found p<3. Execution stopped.
STOP composite found p<3. Execution stopped.
STOP composite found p<3. Execution stopped.
STOP composite found p<3. Execution stopped.
STOP composite found p<3. Execution stopped.
STOP composite found p<3. Execution stopped.
STOP composite found p<3. Execution stopped.
STOP composite found p<3. Execution stopped.
STOP composite found p<3. Execution stopped.
STOP composite found p<3. Execution stopped.
STOP composite found p<3. Execution stopped.
STOP composite found p<3. Execution stopped.
STOP composite found p<3. Execution stopped.
STOP composite found p<3. Execution stopped.
STOP composite found p<3. Execution stopped.
STOP composite found p<3. Execution stopped.
STOP composite found p<3. Execution stopped.
STOP composite found p<3. Execution stopped.
STOP composite found p<3. Execution stopped.
STOP composite found p<3. Execution stopped.
STOP composite found p<3. Execution stopped.
STOP composite found p<3. Execution stopped.
STOP composite found p<3. Execution stopped.
STOP composite found p<3. Execution stopped.
STOP composite found p<3. Execution stopped.
STOP composite found p<3. Execution stopped.
STOP composite found p<3. Execution stopped.
STOP composite found p<3. Execution stopped.
STOP composite found p<3. Execution stopped.
STOP composite found p<3. Execution stopped.
STOP composite found p<3. Execution stopped.
STOP composite found p<3. Execution stopped.
STOP composite found p<3. Execution stopped.
STOP composite found p<3. Execution stopped.
STOP composite found p<3. Execution stopped.
STOP composite found p<3. Execution stopped.
STOP composite found p<3. Execution stopped.
STOP composite found p<3. Execution stopped.
STOP composite found p<3. Execution stopped.
STOP composite found p<3. Execution stopped.
STOP composite found p<3. Execution stopped.
STOP composite found p<3. Execution stopped.
STOP composite found p<3. Execution stopped.
STOP composite found p<3. Execution stopped.
STOP composite found p<3. Execution stopped.
STOP composite found p<3. Execution stopped.
STOP composite found p<3. Execution stopped.
STOP composite found p<3. Execution stopped.
STOP composite found p<3. Execution stopped.
STOP composite found p<3. Execution stopped.
STOP composite found p<3. Execution stopped.
STOP composite found p<3. Execution stopped.
STOP composite found p<3. Execution stopped.
STOP composite found p<3. Execution stopped.
STOP composite found p<3. Execution stopped.
STOP composite found p<3. Execution stopped.
STOP composite found p<3. Execution stopped.
STOP composite found p<3. Execution stopped.
STOP composite found p<3. Execution stopped.
STOP composite found p<3. Execution stopped.
STOP composite found p<3. Execution stopped.
STOP composite found p<3. Execution stopped.
STOP composite found p<3. Execution stopped.
STOP composite found p<3. Execution stopped.
STOP composite found p<3. Execution stopped.
STOP composite found p<3. Execution stopped.
STOP composite found p<3. Execution stopped.
STOP composite found p<3. Execution stopped.
STOP composite found p<3. Execution stopped.
STOP composite found p<3. Execution stopped.
STOP composite found p<3. Execution stopped.
STOP composite found p<3. Execution stopped.
STOP composite found p<3. Execution stopped.
STOP composite found p<3. Execution stopped.
make: Entering directory `/mainfs/home/jmom1n15/Lotus/solver/src/geom'
make: `libgeom.a' is up to date.
make: Leaving directory `/mainfs/home/jmom1n15/Lotus/solver/src/geom'
make: Entering directory `/mainfs/home/jmom1n15/Lotus/solver/src/oop'
make: `libfluid.a' is up to date.
make: Leaving directory `/mainfs/home/jmom1n15/Lotus/solver/src/oop'
mpif90 -cpp -DMPION  -Ofast -funroll-loops --param max-unroll-times=4  -I/home/jmom1n15/Lotus/solver/src/oop -I/home/jmom1n15/Lotus/solver/src/geom/geom_lib_include -c lotus.f90
mpif90 -cpp -DMPION  -Ofast -funroll-loops --param max-unroll-times=4  -o lotus lotus.o -L/home/jmom1n15/Lotus/solver/src/oop/. -L/home/jmom1n15/Lotus/solver/src/geom/. -lfluid -lgeom
 Setting up the grid, body and fluid
 -----------------------------------
composite(1536.0)=1536
  products :3*2**9
composite(1536.0)=1536
  products :3*2**9
composite(38.4)=40
  products :5*2**3
 Stretched grid sections:
  negative: r= 0.6%, h_max=12.5
  positive: r= 0.6%, h_max=9.9
 grid symmetry:  F
 Stretched grid sections:
  negative: r= 0.4%, h_max=6.0
  positive: r= 0.4%, h_max=6.0
 grid symmetry:  T
 Starting time update loop
 -----------------------------------
Time:          0.000
Time:          1.000
Time:          2.000
Time:          3.001
Time:          4.001
Time:          5.000
Time:          6.001
 Loop complete: writing restart files and exiting
 -----------------------------------
make: Entering directory `/mainfs/home/jmom1n15/Lotus/solver/src/geom'
make: `libgeom.a' is up to date.
make: Leaving directory `/mainfs/home/jmom1n15/Lotus/solver/src/geom'
make: Entering directory `/mainfs/home/jmom1n15/Lotus/solver/src/oop'
make: `libfluid.a' is up to date.
make: Leaving directory `/mainfs/home/jmom1n15/Lotus/solver/src/oop'
mpif90 -cpp -DMPION  -Ofast -funroll-loops --param max-unroll-times=4  -I/home/jmom1n15/Lotus/solver/src/oop -I/home/jmom1n15/Lotus/solver/src/geom/geom_lib_include -c lotus.f90
mpif90 -cpp -DMPION  -Ofast -funroll-loops --param max-unroll-times=4  -o lotus lotus.o -L/home/jmom1n15/Lotus/solver/src/oop/. -L/home/jmom1n15/Lotus/solver/src/geom/. -lfluid -lgeom
STOP composite found p<3. Execution stopped.
STOP composite found p<3. Execution stopped.
STOP composite found p<3. Execution stopped.
STOP composite found p<3. Execution stopped.
STOP composite found p<3. Execution stopped.
STOP composite found p<3. Execution stopped.
STOP composite found p<3. Execution stopped.
STOP composite found p<3. Execution stopped.
STOP composite found p<3. Execution stopped.
STOP composite found p<3. Execution stopped.
STOP composite found p<3. Execution stopped.
STOP composite found p<3. Execution stopped.
STOP composite found p<3. Execution stopped.
STOP composite found p<3. Execution stopped.
STOP composite found p<3. Execution stopped.
STOP composite found p<3. Execution stopped.
STOP composite found p<3. Execution stopped.
STOP composite found p<3. Execution stopped.
STOP composite found p<3. Execution stopped.
STOP composite found p<3. Execution stopped.
STOP composite found p<3. Execution stopped.
STOP composite found p<3. Execution stopped.
STOP composite found p<3. Execution stopped.
STOP composite found p<3. Execution stopped.
STOP composite found p<3. Execution stopped.
STOP composite found p<3. Execution stopped.
STOP composite found p<3. Execution stopped.
STOP composite found p<3. Execution stopped.
STOP composite found p<3. Execution stopped.
STOP composite found p<3. Execution stopped.
STOP composite found p<3. Execution stopped.
STOP composite found p<3. Execution stopped.
STOP composite found p<3. Execution stopped.
STOP composite found p<3. Execution stopped.
STOP composite found p<3. Execution stopped.
STOP composite found p<3. Execution stopped.
 Setting up the grid, body and fluid
 -----------------------------------
composite(1536.0)=1536
  products :3*2**9
composite(1536.0)=1536
  products :3*2**9
STOP composite found p<3. Execution stopped.
STOP composite found p<3. Execution stopped.
STOP composite found p<3. Execution stopped.
STOP composite found p<3. Execution stopped.
STOP composite found p<3. Execution stopped.
STOP composite found p<3. Execution stopped.
STOP composite found p<3. Execution stopped.
STOP composite found p<3. Execution stopped.
STOP composite found p<3. Execution stopped.
STOP composite found p<3. Execution stopped.
STOP composite found p<3. Execution stopped.
STOP composite found p<3. Execution stopped.
STOP composite found p<3. Execution stopped.
STOP composite found p<3. Execution stopped.
STOP composite found p<3. Execution stopped.
STOP composite found p<3. Execution stopped.
STOP composite found p<3. Execution stopped.
STOP composite found p<3. Execution stopped.
STOP composite found p<3. Execution stopped.
STOP composite found p<3. Execution stopped.
STOP composite found p<3. Execution stopped.
STOP composite found p<3. Execution stopped.
STOP composite found p<3. Execution stopped.
STOP composite found p<3. Execution stopped.
STOP composite found p<3. Execution stopped.
STOP composite found p<3. Execution stopped.
STOP composite found p<3. Execution stopped.
STOP composite found p<3. Execution stopped.
STOP composite found p<3. Execution stopped.
STOP composite found p<3. Execution stopped.
STOP composite found p<3. Execution stopped.
STOP composite found p<3. Execution stopped.
STOP composite found p<3. Execution stopped.
STOP composite found p<3. Execution stopped.
STOP composite found p<3. Execution stopped.
STOP composite found p<3. Execution stopped.
STOP composite found p<3. Execution stopped.
STOP composite found p<3. Execution stopped.
STOP composite found p<3. Execution stopped.
STOP composite found p<3. Execution stopped.
STOP composite found p<3. Execution stopped.
STOP composite found p<3. Execution stopped.
STOP composite found p<3. Execution stopped.
STOP composite found p<3. Execution stopped.
STOP composite found p<3. Execution stopped.
STOP composite found p<3. Execution stopped.
STOP composite found p<3. Execution stopped.
STOP composite found p<3. Execution stopped.
STOP composite found p<3. Execution stopped.
STOP composite found p<3. Execution stopped.
STOP composite found p<3. Execution stopped.
STOP composite found p<3. Execution stopped.
STOP composite found p<3. Execution stopped.
STOP composite found p<3. Execution stopped.
STOP composite found p<3. Execution stopped.
STOP composite found p<3. Execution stopped.
STOP composite found p<3. Execution stopped.
STOP composite found p<3. Execution stopped.
STOP composite found p<3. Execution stopped.
STOP composite found p<3. Execution stopped.
STOP composite found p<3. Execution stopped.
STOP composite found p<3. Execution stopped.
STOP composite found p<3. Execution stopped.
STOP composite found p<3. Execution stopped.
STOP composite found p<3. Execution stopped.
STOP composite found p<3. Execution stopped.
STOP composite found p<3. Execution stopped.
STOP composite found p<3. Execution stopped.
STOP composite found p<3. Execution stopped.
STOP composite found p<3. Execution stopped.
STOP composite found p<3. Execution stopped.
STOP composite found p<3. Execution stopped.
STOP composite found p<3. Execution stopped.
STOP composite found p<3. Execution stopped.
STOP composite found p<3. Execution stopped.
STOP composite found p<3. Execution stopped.
STOP composite found p<3. Execution stopped.
STOP composite found p<3. Execution stopped.
STOP composite found p<3. Execution stopped.
STOP composite found p<3. Execution stopped.
STOP composite found p<3. Execution stopped.
STOP composite found p<3. Execution stopped.
STOP composite found p<3. Execution stopped.
STOP composite found p<3. Execution stopped.
STOP composite found p<3. Execution stopped.
STOP composite found p<3. Execution stopped.
STOP composite found p<3. Execution stopped.
STOP composite found p<3. Execution stopped.
STOP composite found p<3. Execution stopped.
STOP composite found p<3. Execution stopped.
STOP composite found p<3. Execution stopped.
STOP composite found p<3. Execution stopped.
STOP composite found p<3. Execution stopped.
STOP composite found p<3. Execution stopped.
STOP composite found p<3. Execution stopped.
STOP composite found p<3. Execution stopped.
STOP composite found p<3. Execution stopped.
STOP composite found p<3. Execution stopped.
STOP composite found p<3. Execution stopped.
STOP composite found p<3. Execution stopped.
STOP composite found p<3. Execution stopped.
STOP composite found p<3. Execution stopped.
STOP composite found p<3. Execution stopped.
STOP composite found p<3. Execution stopped.
STOP composite found p<3. Execution stopped.
STOP composite found p<3. Execution stopped.
STOP composite found p<3. Execution stopped.
STOP composite found p<3. Execution stopped.
STOP composite found p<3. Execution stopped.
STOP composite found p<3. Execution stopped.
STOP composite found p<3. Execution stopped.
STOP composite found p<3. Execution stopped.
STOP composite found p<3. Execution stopped.
STOP composite found p<3. Execution stopped.
STOP composite found p<3. Execution stopped.
STOP composite found p<3. Execution stopped.
STOP composite found p<3. Execution stopped.
STOP composite found p<3. Execution stopped.
STOP composite found p<3. Execution stopped.
STOP composite found p<3. Execution stopped.
STOP composite found p<3. Execution stopped.
STOP composite found p<3. Execution stopped.
STOP composite found p<3. Execution stopped.
STOP composite found p<3. Execution stopped.
STOP composite found p<3. Execution stopped.
STOP composite found p<3. Execution stopped.
STOP composite found p<3. Execution stopped.
STOP composite found p<3. Execution stopped.
STOP composite found p<3. Execution stopped.
STOP composite found p<3. Execution stopped.
STOP composite found p<3. Execution stopped.
STOP composite found p<3. Execution stopped.
STOP composite found p<3. Execution stopped.
STOP composite found p<3. Execution stopped.
STOP composite found p<3. Execution stopped.
STOP composite found p<3. Execution stopped.
STOP composite found p<3. Execution stopped.
STOP composite found p<3. Execution stopped.
STOP composite found p<3. Execution stopped.
STOP composite found p<3. Execution stopped.
STOP composite found p<3. Execution stopped.
STOP composite found p<3. Execution stopped.
STOP composite found p<3. Execution stopped.
STOP composite found p<3. Execution stopped.
STOP composite found p<3. Execution stopped.
STOP composite found p<3. Execution stopped.
STOP composite found p<3. Execution stopped.
STOP composite found p<3. Execution stopped.
STOP composite found p<3. Execution stopped.
STOP composite found p<3. Execution stopped.
STOP composite found p<3. Execution stopped.
STOP composite found p<3. Execution stopped.
STOP composite found p<3. Execution stopped.
STOP composite found p<3. Execution stopped.
STOP composite found p<3. Execution stopped.
STOP composite found p<3. Execution stopped.
STOP composite found p<3. Execution stopped.
STOP composite found p<3. Execution stopped.
STOP composite found p<3. Execution stopped.
STOP composite found p<3. Execution stopped.
STOP composite found p<3. Execution stopped.
STOP composite found p<3. Execution stopped.
STOP composite found p<3. Execution stopped.
STOP composite found p<3. Execution stopped.
STOP composite found p<3. Execution stopped.
STOP composite found p<3. Execution stopped.
STOP composite found p<3. Execution stopped.
STOP composite found p<3. Execution stopped.
STOP composite found p<3. Execution stopped.
STOP composite found p<3. Execution stopped.
STOP composite found p<3. Execution stopped.
STOP composite found p<3. Execution stopped.
STOP composite found p<3. Execution stopped.
STOP composite found p<3. Execution stopped.
STOP composite found p<3. Execution stopped.
STOP composite found p<3. Execution stopped.
STOP composite found p<3. Execution stopped.
STOP composite found p<3. Execution stopped.
STOP composite found p<3. Execution stopped.
STOP composite found p<3. Execution stopped.
STOP composite found p<3. Execution stopped.
STOP composite found p<3. Execution stopped.
STOP composite found p<3. Execution stopped.
STOP composite found p<3. Execution stopped.
STOP composite found p<3. Execution stopped.
STOP composite found p<3. Execution stopped.
STOP composite found p<3. Execution stopped.
STOP composite found p<3. Execution stopped.
STOP composite found p<3. Execution stopped.
STOP composite found p<3. Execution stopped.
STOP composite found p<3. Execution stopped.
STOP composite found p<3. Execution stopped.
STOP composite found p<3. Execution stopped.
STOP composite found p<3. Execution stopped.
STOP composite found p<3. Execution stopped.
STOP composite found p<3. Execution stopped.
STOP composite found p<3. Execution stopped.
STOP composite found p<3. Execution stopped.
STOP composite found p<3. Execution stopped.
STOP composite found p<3. Execution stopped.
STOP composite found p<3. Execution stopped.
STOP composite found p<3. Execution stopped.
STOP composite found p<3. Execution stopped.
STOP composite found p<3. Execution stopped.
STOP composite found p<3. Execution stopped.
STOP composite found p<3. Execution stopped.
STOP composite found p<3. Execution stopped.
STOP composite found p<3. Execution stopped.
STOP composite found p<3. Execution stopped.
STOP composite found p<3. Execution stopped.
STOP composite found p<3. Execution stopped.
STOP composite found p<3. Execution stopped.
STOP composite found p<3. Execution stopped.
STOP composite found p<3. Execution stopped.
STOP composite found p<3. Execution stopped.
STOP composite found p<3. Execution stopped.
STOP composite found p<3. Execution stopped.
STOP composite found p<3. Execution stopped.
STOP composite found p<3. Execution stopped.
STOP composite found p<3. Execution stopped.
make: Entering directory `/mainfs/home/jmom1n15/Lotus/solver/src/geom'
make: `libgeom.a' is up to date.
make: Leaving directory `/mainfs/home/jmom1n15/Lotus/solver/src/geom'
make: Entering directory `/mainfs/home/jmom1n15/Lotus/solver/src/oop'
make: `libfluid.a' is up to date.
make: Leaving directory `/mainfs/home/jmom1n15/Lotus/solver/src/oop'
mpif90 -cpp -DMPION  -Ofast -funroll-loops --param max-unroll-times=4  -I/home/jmom1n15/Lotus/solver/src/oop -I/home/jmom1n15/Lotus/solver/src/geom/geom_lib_include -c lotus.f90
mpif90 -cpp -DMPION  -Ofast -funroll-loops --param max-unroll-times=4  -o lotus lotus.o -L/home/jmom1n15/Lotus/solver/src/oop/. -L/home/jmom1n15/Lotus/solver/src/geom/. -lfluid -lgeom
 Setting up the grid, body and fluid
 -----------------------------------
composite(1536.0)=1536
  products :3*2**9
composite(1536.0)=1536
  products :3*2**9
composite(32.0)=32
  products :1*2**5
 Stretched grid sections:
  negative: r= 0.6%, h_max=12.5
  positive: r= 0.6%, h_max=9.9
 grid symmetry:  F
 Stretched grid sections:
  negative: r= 0.4%, h_max=6.0
  positive: r= 0.4%, h_max=6.0
 grid symmetry:  T
 Starting time update loop
 -----------------------------------
Time:          0.000
Time:          1.001
Time:          2.001
Time:          3.001
Time:          4.001
Time:          5.000
Time:          6.001
 Loop complete: writing restart files and exiting
 -----------------------------------
make: Entering directory `/mainfs/home/jmom1n15/Lotus/solver/src/geom'
make: `libgeom.a' is up to date.
make: Leaving directory `/mainfs/home/jmom1n15/Lotus/solver/src/geom'
make: Entering directory `/mainfs/home/jmom1n15/Lotus/solver/src/oop'
make: `libfluid.a' is up to date.
make: Leaving directory `/mainfs/home/jmom1n15/Lotus/solver/src/oop'
mpif90 -cpp -DMPION  -Ofast -funroll-loops --param max-unroll-times=4  -I/home/jmom1n15/Lotus/solver/src/oop -I/home/jmom1n15/Lotus/solver/src/geom/geom_lib_include -c lotus.f90
mpif90 -cpp -DMPION  -Ofast -funroll-loops --param max-unroll-times=4  -o lotus lotus.o -L/home/jmom1n15/Lotus/solver/src/oop/. -L/home/jmom1n15/Lotus/solver/src/geom/. -lfluid -lgeom
STOP composite found p<3. Execution stopped.
STOP composite found p<3. Execution stopped.
STOP composite found p<3. Execution stopped.
STOP composite found p<3. Execution stopped.
STOP composite found p<3. Execution stopped.
STOP composite found p<3. Execution stopped.
STOP composite found p<3. Execution stopped.
STOP composite found p<3. Execution stopped.
STOP composite found p<3. Execution stopped.
STOP composite found p<3. Execution stopped.
STOP composite found p<3. Execution stopped.
STOP composite found p<3. Execution stopped.
STOP composite found p<3. Execution stopped.
STOP composite found p<3. Execution stopped.
STOP composite found p<3. Execution stopped.
STOP composite found p<3. Execution stopped.
STOP composite found p<3. Execution stopped.
STOP composite found p<3. Execution stopped.
STOP composite found p<3. Execution stopped.
STOP composite found p<3. Execution stopped.
STOP composite found p<3. Execution stopped.
STOP composite found p<3. Execution stopped.
STOP composite found p<3. Execution stopped.
STOP composite found p<3. Execution stopped.
STOP composite found p<3. Execution stopped.
STOP composite found p<3. Execution stopped.
STOP composite found p<3. Execution stopped.
STOP composite found p<3. Execution stopped.
STOP composite found p<3. Execution stopped.
STOP composite found p<3. Execution stopped.
STOP composite found p<3. Execution stopped.
STOP composite found p<3. Execution stopped.
STOP composite found p<3. Execution stopped.
STOP composite found p<3. Execution stopped.
STOP composite found p<3. Execution stopped.
STOP composite found p<3. Execution stopped.
STOP composite found p<3. Execution stopped.
STOP composite found p<3. Execution stopped.
STOP composite found p<3. Execution stopped.
STOP composite found p<3. Execution stopped.
STOP composite found p<3. Execution stopped.
STOP composite found p<3. Execution stopped.
 Setting up the grid, body and fluid
 -----------------------------------
composite(1536.0)=1536
  products :3*2**9
composite(1536.0)=1536
  products :3*2**9
STOP composite found p<3. Execution stopped.
STOP composite found p<3. Execution stopped.
STOP composite found p<3. Execution stopped.
STOP composite found p<3. Execution stopped.
STOP composite found p<3. Execution stopped.
STOP composite found p<3. Execution stopped.
STOP composite found p<3. Execution stopped.
STOP composite found p<3. Execution stopped.
STOP composite found p<3. Execution stopped.
STOP composite found p<3. Execution stopped.
STOP composite found p<3. Execution stopped.
STOP composite found p<3. Execution stopped.
STOP composite found p<3. Execution stopped.
STOP composite found p<3. Execution stopped.
STOP composite found p<3. Execution stopped.
STOP composite found p<3. Execution stopped.
STOP composite found p<3. Execution stopped.
STOP composite found p<3. Execution stopped.
STOP composite found p<3. Execution stopped.
STOP composite found p<3. Execution stopped.
STOP composite found p<3. Execution stopped.
STOP composite found p<3. Execution stopped.
STOP composite found p<3. Execution stopped.
STOP composite found p<3. Execution stopped.
STOP composite found p<3. Execution stopped.
STOP composite found p<3. Execution stopped.
STOP composite found p<3. Execution stopped.
STOP composite found p<3. Execution stopped.
STOP composite found p<3. Execution stopped.
STOP composite found p<3. Execution stopped.
STOP composite found p<3. Execution stopped.
STOP composite found p<3. Execution stopped.
STOP composite found p<3. Execution stopped.
STOP composite found p<3. Execution stopped.
STOP composite found p<3. Execution stopped.
STOP composite found p<3. Execution stopped.
STOP composite found p<3. Execution stopped.
STOP composite found p<3. Execution stopped.
STOP composite found p<3. Execution stopped.
STOP composite found p<3. Execution stopped.
STOP composite found p<3. Execution stopped.
STOP composite found p<3. Execution stopped.
STOP composite found p<3. Execution stopped.
STOP composite found p<3. Execution stopped.
STOP composite found p<3. Execution stopped.
STOP composite found p<3. Execution stopped.
STOP composite found p<3. Execution stopped.
STOP composite found p<3. Execution stopped.
STOP composite found p<3. Execution stopped.
STOP composite found p<3. Execution stopped.
STOP composite found p<3. Execution stopped.
STOP composite found p<3. Execution stopped.
STOP composite found p<3. Execution stopped.
STOP composite found p<3. Execution stopped.
STOP composite found p<3. Execution stopped.
STOP composite found p<3. Execution stopped.
STOP composite found p<3. Execution stopped.
STOP composite found p<3. Execution stopped.
STOP composite found p<3. Execution stopped.
STOP composite found p<3. Execution stopped.
STOP composite found p<3. Execution stopped.
STOP composite found p<3. Execution stopped.
STOP composite found p<3. Execution stopped.
STOP composite found p<3. Execution stopped.
STOP composite found p<3. Execution stopped.
STOP composite found p<3. Execution stopped.
STOP composite found p<3. Execution stopped.
STOP composite found p<3. Execution stopped.
STOP composite found p<3. Execution stopped.
STOP composite found p<3. Execution stopped.
STOP composite found p<3. Execution stopped.
STOP composite found p<3. Execution stopped.
STOP composite found p<3. Execution stopped.
STOP composite found p<3. Execution stopped.
STOP composite found p<3. Execution stopped.
STOP composite found p<3. Execution stopped.
STOP composite found p<3. Execution stopped.
STOP composite found p<3. Execution stopped.
STOP composite found p<3. Execution stopped.
STOP composite found p<3. Execution stopped.
STOP composite found p<3. Execution stopped.
STOP composite found p<3. Execution stopped.
STOP composite found p<3. Execution stopped.
STOP composite found p<3. Execution stopped.
STOP composite found p<3. Execution stopped.
STOP composite found p<3. Execution stopped.
STOP composite found p<3. Execution stopped.
STOP composite found p<3. Execution stopped.
STOP composite found p<3. Execution stopped.
STOP composite found p<3. Execution stopped.
STOP composite found p<3. Execution stopped.
STOP composite found p<3. Execution stopped.
STOP composite found p<3. Execution stopped.
STOP composite found p<3. Execution stopped.
STOP composite found p<3. Execution stopped.
STOP composite found p<3. Execution stopped.
STOP composite found p<3. Execution stopped.
STOP composite found p<3. Execution stopped.
STOP composite found p<3. Execution stopped.
STOP composite found p<3. Execution stopped.
STOP composite found p<3. Execution stopped.
STOP composite found p<3. Execution stopped.
STOP composite found p<3. Execution stopped.
STOP composite found p<3. Execution stopped.
STOP composite found p<3. Execution stopped.
STOP composite found p<3. Execution stopped.
STOP composite found p<3. Execution stopped.
STOP composite found p<3. Execution stopped.
STOP composite found p<3. Execution stopped.
STOP composite found p<3. Execution stopped.
STOP composite found p<3. Execution stopped.
STOP composite found p<3. Execution stopped.
STOP composite found p<3. Execution stopped.
STOP composite found p<3. Execution stopped.
STOP composite found p<3. Execution stopped.
STOP composite found p<3. Execution stopped.
STOP composite found p<3. Execution stopped.
STOP composite found p<3. Execution stopped.
STOP composite found p<3. Execution stopped.
STOP composite found p<3. Execution stopped.
STOP composite found p<3. Execution stopped.
STOP composite found p<3. Execution stopped.
STOP composite found p<3. Execution stopped.
STOP composite found p<3. Execution stopped.
STOP composite found p<3. Execution stopped.
STOP composite found p<3. Execution stopped.
STOP composite found p<3. Execution stopped.
STOP composite found p<3. Execution stopped.
STOP composite found p<3. Execution stopped.
STOP composite found p<3. Execution stopped.
STOP composite found p<3. Execution stopped.
STOP composite found p<3. Execution stopped.
STOP composite found p<3. Execution stopped.
STOP composite found p<3. Execution stopped.
STOP composite found p<3. Execution stopped.
STOP composite found p<3. Execution stopped.
STOP composite found p<3. Execution stopped.
STOP composite found p<3. Execution stopped.
STOP composite found p<3. Execution stopped.
STOP composite found p<3. Execution stopped.
STOP composite found p<3. Execution stopped.
STOP composite found p<3. Execution stopped.
STOP composite found p<3. Execution stopped.
STOP composite found p<3. Execution stopped.
STOP composite found p<3. Execution stopped.
STOP composite found p<3. Execution stopped.
STOP composite found p<3. Execution stopped.
STOP composite found p<3. Execution stopped.
STOP composite found p<3. Execution stopped.
STOP composite found p<3. Execution stopped.
STOP composite found p<3. Execution stopped.
STOP composite found p<3. Execution stopped.
STOP composite found p<3. Execution stopped.
STOP composite found p<3. Execution stopped.
STOP composite found p<3. Execution stopped.
STOP composite found p<3. Execution stopped.
STOP composite found p<3. Execution stopped.
STOP composite found p<3. Execution stopped.
STOP composite found p<3. Execution stopped.
STOP composite found p<3. Execution stopped.
STOP composite found p<3. Execution stopped.
STOP composite found p<3. Execution stopped.
STOP composite found p<3. Execution stopped.
STOP composite found p<3. Execution stopped.
STOP composite found p<3. Execution stopped.
STOP composite found p<3. Execution stopped.
STOP composite found p<3. Execution stopped.
STOP composite found p<3. Execution stopped.
STOP composite found p<3. Execution stopped.
STOP composite found p<3. Execution stopped.
STOP composite found p<3. Execution stopped.
STOP composite found p<3. Execution stopped.
STOP composite found p<3. Execution stopped.
STOP composite found p<3. Execution stopped.
STOP composite found p<3. Execution stopped.
STOP composite found p<3. Execution stopped.
STOP composite found p<3. Execution stopped.
STOP composite found p<3. Execution stopped.
STOP composite found p<3. Execution stopped.
STOP composite found p<3. Execution stopped.
STOP composite found p<3. Execution stopped.
STOP composite found p<3. Execution stopped.
STOP composite found p<3. Execution stopped.
STOP composite found p<3. Execution stopped.
STOP composite found p<3. Execution stopped.
STOP composite found p<3. Execution stopped.
STOP composite found p<3. Execution stopped.
STOP composite found p<3. Execution stopped.
STOP composite found p<3. Execution stopped.
STOP composite found p<3. Execution stopped.
STOP composite found p<3. Execution stopped.
STOP composite found p<3. Execution stopped.
STOP composite found p<3. Execution stopped.
STOP composite found p<3. Execution stopped.
STOP composite found p<3. Execution stopped.
STOP composite found p<3. Execution stopped.
STOP composite found p<3. Execution stopped.
STOP composite found p<3. Execution stopped.
STOP composite found p<3. Execution stopped.
STOP composite found p<3. Execution stopped.
STOP composite found p<3. Execution stopped.
STOP composite found p<3. Execution stopped.
STOP composite found p<3. Execution stopped.
STOP composite found p<3. Execution stopped.
STOP composite found p<3. Execution stopped.
STOP composite found p<3. Execution stopped.
STOP composite found p<3. Execution stopped.
STOP composite found p<3. Execution stopped.
STOP composite found p<3. Execution stopped.
STOP composite found p<3. Execution stopped.
STOP composite found p<3. Execution stopped.
STOP composite found p<3. Execution stopped.
STOP composite found p<3. Execution stopped.
STOP composite found p<3. Execution stopped.
Number of proccessors :256
Run folder            :/ssdfs/users/jmom1n15/mode-one-roughness-data/outer-scaling/12000/4
No read folder
Folder /ssdfs/users/jmom1n15/mode-one-roughness-data/outer-scaling/12000/4 exists!
Moving contents to trash
Setting up in /ssdfs/users/jmom1n15/mode-one-roughness-data/outer-scaling/12000/4
No postprocessing set up
No stopping criteria, the simulation will run its course
Making executable 
Finished executable 
Running executable 
Run all python files for postprocessing
Popping back up
Number of proccessors :256
Run folder            :/ssdfs/users/jmom1n15/mode-one-roughness-data/outer-scaling/12000/8
No read folder
Folder /ssdfs/users/jmom1n15/mode-one-roughness-data/outer-scaling/12000/8 exists!
Moving contents to trash
Setting up in /ssdfs/users/jmom1n15/mode-one-roughness-data/outer-scaling/12000/8
No postprocessing set up
No stopping criteria, the simulation will run its course
Making executable 
Finished executable 
Running executable 
Run all python files for postprocessing
Popping back up
Number of proccessors :256
Run folder            :/ssdfs/users/jmom1n15/mode-one-roughness-data/outer-scaling/12000/10
No read folder
Creating /ssdfs/users/jmom1n15/mode-one-roughness-data/outer-scaling/12000/10
Setting up in /ssdfs/users/jmom1n15/mode-one-roughness-data/outer-scaling/12000/10
No postprocessing set up
No stopping criteria, the simulation will run its course
Making executable 
Finished executable 
Running executable 
Run all python files for postprocessing
Popping back up
Number of proccessors :256
Run folder            :/ssdfs/users/jmom1n15/mode-one-roughness-data/outer-scaling/12000/12
No read folder
Folder /ssdfs/users/jmom1n15/mode-one-roughness-data/outer-scaling/12000/12 exists!
Moving contents to trash
Setting up in /ssdfs/users/jmom1n15/mode-one-roughness-data/outer-scaling/12000/12
No postprocessing set up
No stopping criteria, the simulation will run its course
Making executable 
Finished executable 
Running executable 
Run all python files for postprocessing
Popping back up
Number of proccessors :256
Run folder            :/ssdfs/users/jmom1n15/mode-one-roughness-data/outer-scaling/12000/14
No read folder
Creating /ssdfs/users/jmom1n15/mode-one-roughness-data/outer-scaling/12000/14
Setting up in /ssdfs/users/jmom1n15/mode-one-roughness-data/outer-scaling/12000/14
No postprocessing set up
No stopping criteria, the simulation will run its course
Making executable 
Finished executable 
Running executable 
Run all python files for postprocessing
Popping back up
Number of proccessors :256
Run folder            :/ssdfs/users/jmom1n15/mode-one-roughness-data/outer-scaling/12000/16
No read folder
Folder /ssdfs/users/jmom1n15/mode-one-roughness-data/outer-scaling/12000/16 exists!
Moving contents to trash
Setting up in /ssdfs/users/jmom1n15/mode-one-roughness-data/outer-scaling/12000/16
No postprocessing set up
No stopping criteria, the simulation will run its course
Making executable 
Finished executable 
Running executable 
Run all python files for postprocessing
Popping back up
Number of proccessors :256
Run folder            :/ssdfs/users/jmom1n15/mode-one-roughness-data/outer-scaling/12000/18
No read folder
Creating /ssdfs/users/jmom1n15/mode-one-roughness-data/outer-scaling/12000/18
Setting up in /ssdfs/users/jmom1n15/mode-one-roughness-data/outer-scaling/12000/18
No postprocessing set up
No stopping criteria, the simulation will run its course
Making executable 
Finished executable 
Running executable 
Run all python files for postprocessing
Popping back up
Number of proccessors :256
Run folder            :/ssdfs/users/jmom1n15/mode-one-roughness-data/outer-scaling/12000/20
No read folder
Folder /ssdfs/users/jmom1n15/mode-one-roughness-data/outer-scaling/12000/20 exists!
Moving contents to trash
Setting up in /ssdfs/users/jmom1n15/mode-one-roughness-data/outer-scaling/12000/20
No postprocessing set up
No stopping criteria, the simulation will run its course
Making executable 
Finished executable 
Running executable 
Run all python files for postprocessing
Popping back up
Number of proccessors :256
Run folder            :/ssdfs/users/jmom1n15/mode-one-roughness-data/outer-scaling/12000/22
No read folder
Creating /ssdfs/users/jmom1n15/mode-one-roughness-data/outer-scaling/12000/22
Setting up in /ssdfs/users/jmom1n15/mode-one-roughness-data/outer-scaling/12000/22
No postprocessing set up
No stopping criteria, the simulation will run its course
Making executable 
Finished executable 
Running executable 
Run all python files for postprocessing
Popping back up
Number of proccessors :256
Run folder            :/ssdfs/users/jmom1n15/mode-one-roughness-data/outer-scaling/12000/24
No read folder
Folder /ssdfs/users/jmom1n15/mode-one-roughness-data/outer-scaling/12000/24 exists!
Moving contents to trash
Setting up in /ssdfs/users/jmom1n15/mode-one-roughness-data/outer-scaling/12000/24
No postprocessing set up
No stopping criteria, the simulation will run its course
Making executable 
Finished executable 
Running executable 
Run all python files for postprocessing
Popping back up
Number of proccessors :256
Run folder            :/ssdfs/users/jmom1n15/mode-one-roughness-data/outer-scaling/12000/26
No read folder
Creating /ssdfs/users/jmom1n15/mode-one-roughness-data/outer-scaling/12000/26
Setting up in /ssdfs/users/jmom1n15/mode-one-roughness-data/outer-scaling/12000/26
No postprocessing set up
No stopping criteria, the simulation will run its course
Making executable 
Finished executable 
Running executable 
Run all python files for postprocessing
Popping back up
Number of proccessors :256
Run folder            :/ssdfs/users/jmom1n15/mode-one-roughness-data/outer-scaling/12000/28
No read folder
Folder /ssdfs/users/jmom1n15/mode-one-roughness-data/outer-scaling/12000/28 exists!
Moving contents to trash
Setting up in /ssdfs/users/jmom1n15/mode-one-roughness-data/outer-scaling/12000/28
No postprocessing set up
No stopping criteria, the simulation will run its course
Making executable 
Finished executable 
Running executable 
Run all python files for postprocessing
Popping back up
Number of proccessors :256
Run folder            :/ssdfs/users/jmom1n15/mode-one-roughness-data/outer-scaling/12000/32
No read folder
Folder /ssdfs/users/jmom1n15/mode-one-roughness-data/outer-scaling/12000/32 exists!
Moving contents to trash
Setting up in /ssdfs/users/jmom1n15/mode-one-roughness-data/outer-scaling/12000/32
No postprocessing set up
No stopping criteria, the simulation will run its course
Making executable 
Finished executable 
Running executable 
Run all python files for postprocessing
Popping back up
Number of proccessors :256
Run folder            :/ssdfs/users/jmom1n15/mode-one-roughness-data/outer-scaling/12000/36
No read folder
Folder /ssdfs/users/jmom1n15/mode-one-roughness-data/outer-scaling/12000/36 exists!
Moving contents to trash
Setting up in /ssdfs/users/jmom1n15/mode-one-roughness-data/outer-scaling/12000/36
No postprocessing set up
No stopping criteria, the simulation will run its course
Making executable 
Finished executable 
Running executable 
Run all python files for postprocessing
Popping back up
Number of proccessors :256
Run folder            :/ssdfs/users/jmom1n15/mode-one-roughness-data/outer-scaling/12000/40
No read folder
Folder /ssdfs/users/jmom1n15/mode-one-roughness-data/outer-scaling/12000/40 exists!
Moving contents to trash
Setting up in /ssdfs/users/jmom1n15/mode-one-roughness-data/outer-scaling/12000/40
No postprocessing set up
No stopping criteria, the simulation will run its course
Making executable 
Finished executable 
Running executable 
Run all python files for postprocessing
Popping back up
Number of proccessors :256
Run folder            :/ssdfs/users/jmom1n15/mode-one-roughness-data/outer-scaling/12000/44
No read folder
Folder /ssdfs/users/jmom1n15/mode-one-roughness-data/outer-scaling/12000/44 exists!
Moving contents to trash
Setting up in /ssdfs/users/jmom1n15/mode-one-roughness-data/outer-scaling/12000/44
No postprocessing set up
No stopping criteria, the simulation will run its course
Making executable 
Finished executable 
Running executable 
Run all python files for postprocessing
Popping back up
Number of proccessors :256
Run folder            :/ssdfs/users/jmom1n15/mode-one-roughness-data/outer-scaling/12000/48
No read folder
Folder /ssdfs/users/jmom1n15/mode-one-roughness-data/outer-scaling/12000/48 exists!
Moving contents to trash
Setting up in /ssdfs/users/jmom1n15/mode-one-roughness-data/outer-scaling/12000/48
No postprocessing set up
No stopping criteria, the simulation will run its course
Making executable 
Finished executable 
Running executable 
Run all python files for postprocessing
Popping back up
Number of proccessors :256
Run folder            :/ssdfs/users/jmom1n15/mode-one-roughness-data/outer-scaling/12000/52
No read folder
Folder /ssdfs/users/jmom1n15/mode-one-roughness-data/outer-scaling/12000/52 exists!
Moving contents to trash
Setting up in /ssdfs/users/jmom1n15/mode-one-roughness-data/outer-scaling/12000/52
No postprocessing set up
No stopping criteria, the simulation will run its course
Making executable 
Finished executable 
Running executable 
Run all python files for postprocessing
Popping back up
==============================================================================
Running epilogue script on ruby032.

Submit time  : 2023-03-19T12:30:47
Start time   : 2023-03-19T15:24:10
End time     : 2023-03-21T04:02:43
Elapsed time : 1-12:38:33 (Timelimit=2-12:00:00)

Job ID: 2862233
Cluster: i5
User/Group: jmom1n15/mm
State: COMPLETED (exit code 0)
Nodes: 4
Cores per node: 64
CPU Utilized: 389-08:38:13
CPU Efficiency: 99.62% of 390-20:28:48 core-walltime
Job Wall-clock time: 1-12:38:33
Memory Utilized: 256.84 GB (estimated maximum)
Memory Efficiency: 28.54% of 900.00 GB (3.52 GB/core)

