Running SLURM prolog script on ruby021.cluster.local
===============================================================================
Job started on Thu Mar 30 13:32:43 BST 2023
Job ID          : 2972303
Job name        : 24k
WorkDir         : /ssdfs/users/jmom1n15/mode-one-roughness-data/analysis/visualise-outer-scale/24k
Command         : /ssdfs/users/jmom1n15/mode-one-roughness-data/analysis/visualise-outer-scale/24k/subOpt
Partition       : amd
Num hosts       : 4
Num cores       : 256
Num of tasks    : 256
Hosts allocated : ruby[021-024]
Job Output Follows ...
===============================================================================
Starting calculation at Thu Mar 30 13:32:44 BST 2023
---------------------------------------------------------------
make: Entering directory `/mainfs/home/jmom1n15/Lotus/solver/src/geom'
make: `libgeom.a' is up to date.
make: Leaving directory `/mainfs/home/jmom1n15/Lotus/solver/src/geom'
make: Entering directory `/mainfs/home/jmom1n15/Lotus/solver/src/oop'
make: `libfluid.a' is up to date.
make: Leaving directory `/mainfs/home/jmom1n15/Lotus/solver/src/oop'
mpif90 -cpp -DMPION  -Ofast -funroll-loops --param max-unroll-times=4  -I/home/jmom1n15/Lotus/solver/src/oop -I/home/jmom1n15/Lotus/solver/src/geom/geom_lib_include -c lotus.f90
mpif90 -cpp -DMPION  -Ofast -funroll-loops --param max-unroll-times=4  -o lotus lotus.o -L/home/jmom1n15/Lotus/solver/src/oop/. -L/home/jmom1n15/Lotus/solver/src/geom/. -lfluid -lgeom
 Setting up the grid, body and fluid
 -----------------------------------
composite(1536.0)=1536
  products :3*2**9
composite(1536.0)=1536
  products :3*2**9
composite(.0)=1
 Stretched grid sections:
  negative: r= 0.6%, h_max=12.5
  positive: r= 0.6%, h_max=9.9
 grid symmetry:  F
 Stretched grid sections:
  negative: r= 0.4%, h_max=6.0
  positive: r= 0.4%, h_max=6.0
 grid symmetry:  T
 Starting time update loop
 -----------------------------------
Time:          0.000
Time:          1.000
Time:          2.000
Time:          3.001
Time:          4.001
Time:          5.001
Time:          6.001
 Loop complete: writing restart files and exiting
 -----------------------------------
Number of proccessors :256
Run folder            :/ssdfs/users/jmom1n15/mode-one-roughness-data/analysis/visualise-outer-scale/24k/0-2d
No read folder
Folder /ssdfs/users/jmom1n15/mode-one-roughness-data/analysis/visualise-outer-scale/24k/0-2d exists!
Moving contents to trash
Setting up in /ssdfs/users/jmom1n15/mode-one-roughness-data/analysis/visualise-outer-scale/24k/0-2d
No postprocessing set up
No stopping criteria, the simulation will run its course
Making executable 
Finished executable 
Running executable 
Run all python files for postprocessing
Popping back up
==============================================================================
Running epilogue script on ruby021.

Submit time  : 2023-03-30T13:32:28
Start time   : 2023-03-30T13:32:43
End time     : 2023-03-30T13:36:01
Elapsed time : 00:03:18 (Timelimit=07:00:00)

Job ID: 2972303
Cluster: i5
User/Group: jmom1n15/mm
State: COMPLETED (exit code 0)
Nodes: 4
Cores per node: 64
CPU Utilized: 10:32:08
CPU Efficiency: 74.83% of 14:04:48 core-walltime
Job Wall-clock time: 00:03:18
Memory Utilized: 14.06 GB (estimated maximum)
Memory Efficiency: 1.56% of 900.00 GB (3.52 GB/core)

