Running SLURM prolog script on ruby051.cluster.local
===============================================================================
Job started on Wed Mar 22 08:14:44 GMT 2023
Job ID          : 2876455
Job name        : 12k
WorkDir         : /ssdfs/users/jmom1n15/mode-one-roughness-data/analysis/visualise-outer-scale/12k
Command         : /ssdfs/users/jmom1n15/mode-one-roughness-data/analysis/visualise-outer-scale/12k/subOpt
Partition       : amd
Num hosts       : 4
Num cores       : 256
Num of tasks    : 256
Hosts allocated : ruby[051,060,062,070]
Job Output Follows ...
===============================================================================
Starting calculation at Wed Mar 22 08:14:45 GMT 2023
---------------------------------------------------------------
make: Entering directory `/mainfs/home/jmom1n15/Lotus/solver/src/geom'
make: `libgeom.a' is up to date.
make: Leaving directory `/mainfs/home/jmom1n15/Lotus/solver/src/geom'
make: Entering directory `/mainfs/home/jmom1n15/Lotus/solver/src/oop'
make: `libfluid.a' is up to date.
make: Leaving directory `/mainfs/home/jmom1n15/Lotus/solver/src/oop'
mpif90 -cpp -DMPION  -Ofast -funroll-loops --param max-unroll-times=4  -I/home/jmom1n15/Lotus/solver/src/oop -I/home/jmom1n15/Lotus/solver/src/geom/geom_lib_include -c lotus.f90
mpif90 -cpp -DMPION  -Ofast -funroll-loops --param max-unroll-times=4  -o lotus lotus.o -L/home/jmom1n15/Lotus/solver/src/oop/. -L/home/jmom1n15/Lotus/solver/src/geom/. -lfluid -lgeom
 Setting up the grid, body and fluid
 -----------------------------------
composite(1536.0)=1536
  products :3*2**9
composite(1536.0)=1536
  products :3*2**9
composite(128.0)=128
  products :1*2**7
 Stretched grid sections:
  negative: r= 0.6%, h_max=12.5
  positive: r= 0.6%, h_max=9.9
 grid symmetry:  F
 Stretched grid sections:
  negative: r= 0.4%, h_max=6.0
  positive: r= 0.4%, h_max=6.0
 grid symmetry:  T
 Starting time update loop
 -----------------------------------
Time:          0.000
Time:          1.000
Time:          2.000
Time:          3.001
Time:          4.001
Time:          5.000
Time:          6.000
 Loop complete: writing restart files and exiting
 -----------------------------------
make: Entering directory `/mainfs/home/jmom1n15/Lotus/solver/src/geom'
make: `libgeom.a' is up to date.
make: Leaving directory `/mainfs/home/jmom1n15/Lotus/solver/src/geom'
make: Entering directory `/mainfs/home/jmom1n15/Lotus/solver/src/oop'
make: `libfluid.a' is up to date.
make: Leaving directory `/mainfs/home/jmom1n15/Lotus/solver/src/oop'
mpif90 -cpp -DMPION  -Ofast -funroll-loops --param max-unroll-times=4  -I/home/jmom1n15/Lotus/solver/src/oop -I/home/jmom1n15/Lotus/solver/src/geom/geom_lib_include -c lotus.f90
mpif90 -cpp -DMPION  -Ofast -funroll-loops --param max-unroll-times=4  -o lotus lotus.o -L/home/jmom1n15/Lotus/solver/src/oop/. -L/home/jmom1n15/Lotus/solver/src/geom/. -lfluid -lgeom
 Setting up the grid, body and fluid
 -----------------------------------
composite(1536.0)=1536
  products :3*2**9
composite(1536.0)=1536
  products :3*2**9
composite(.0)=1
 Stretched grid sections:
  negative: r= 0.6%, h_max=12.5
  positive: r= 0.6%, h_max=9.9
 grid symmetry:  F
 Stretched grid sections:
  negative: r= 0.4%, h_max=6.0
  positive: r= 0.4%, h_max=6.0
 grid symmetry:  T
 Starting time update loop
 -----------------------------------
Time:          0.000
Time:          1.001
Time:          2.000
Time:          3.001
Time:          4.000
Time:          5.000
Time:          6.000
 Loop complete: writing restart files and exiting
 -----------------------------------
make: Entering directory `/mainfs/home/jmom1n15/Lotus/solver/src/geom'
make: `libgeom.a' is up to date.
make: Leaving directory `/mainfs/home/jmom1n15/Lotus/solver/src/geom'
make: Entering directory `/mainfs/home/jmom1n15/Lotus/solver/src/oop'
make: `libfluid.a' is up to date.
make: Leaving directory `/mainfs/home/jmom1n15/Lotus/solver/src/oop'
mpif90 -cpp -DMPION  -Ofast -funroll-loops --param max-unroll-times=4  -I/home/jmom1n15/Lotus/solver/src/oop -I/home/jmom1n15/Lotus/solver/src/geom/geom_lib_include -c lotus.f90
mpif90 -cpp -DMPION  -Ofast -funroll-loops --param max-unroll-times=4  -o lotus lotus.o -L/home/jmom1n15/Lotus/solver/src/oop/. -L/home/jmom1n15/Lotus/solver/src/geom/. -lfluid -lgeom
 Setting up the grid, body and fluid
 -----------------------------------
composite(1536.0)=1536
  products :3*2**9
composite(1536.0)=1536
  products :3*2**9
composite(.0)=1
 Stretched grid sections:
  negative: r= 0.6%, h_max=12.5
  positive: r= 0.6%, h_max=9.9
 grid symmetry:  F
 Stretched grid sections:
  negative: r= 0.4%, h_max=6.0
  positive: r= 0.4%, h_max=6.0
 grid symmetry:  T
 Starting time update loop
 -----------------------------------
Time:          0.000
Time:          1.000
Time:          2.000
Time:          3.000
Time:          4.001
Time:          5.001
Time:          6.000
 Loop complete: writing restart files and exiting
 -----------------------------------
Number of proccessors :256
Run folder            :/ssdfs/users/jmom1n15/mode-one-roughness-data/analysis/visualise-outer-scale/12k/12
No read folder
Creating /ssdfs/users/jmom1n15/mode-one-roughness-data/analysis/visualise-outer-scale/12k/12
Setting up in /ssdfs/users/jmom1n15/mode-one-roughness-data/analysis/visualise-outer-scale/12k/12
No postprocessing set up
No stopping criteria, the simulation will run its course
Making executable 
Finished executable 
Running executable 
Run all python files for postprocessing
Popping back up
Number of proccessors :256
Run folder            :/ssdfs/users/jmom1n15/mode-one-roughness-data/analysis/visualise-outer-scale/12k/12-2d
No read folder
Creating /ssdfs/users/jmom1n15/mode-one-roughness-data/analysis/visualise-outer-scale/12k/12-2d
Setting up in /ssdfs/users/jmom1n15/mode-one-roughness-data/analysis/visualise-outer-scale/12k/12-2d
No postprocessing set up
No stopping criteria, the simulation will run its course
Making executable 
Finished executable 
Running executable 
Run all python files for postprocessing
Popping back up
Number of proccessors :256
Run folder            :/ssdfs/users/jmom1n15/mode-one-roughness-data/analysis/visualise-outer-scale/12k/0-2d
No read folder
Creating /ssdfs/users/jmom1n15/mode-one-roughness-data/analysis/visualise-outer-scale/12k/0-2d
Setting up in /ssdfs/users/jmom1n15/mode-one-roughness-data/analysis/visualise-outer-scale/12k/0-2d
No postprocessing set up
No stopping criteria, the simulation will run its course
Making executable 
Finished executable 
Running executable 
Run all python files for postprocessing
Popping back up
==============================================================================
Running epilogue script on ruby051.

Submit time  : 2023-03-21T20:12:29
Start time   : 2023-03-22T08:14:44
End time     : 2023-03-22T12:29:43
Elapsed time : 04:14:59 (Timelimit=07:00:00)

Job ID: 2876455
Cluster: i5
User/Group: jmom1n15/mm
State: COMPLETED (exit code 0)
Nodes: 4
Cores per node: 64
CPU Utilized: 44-22:56:01
CPU Efficiency: 99.17% of 45-07:55:44 core-walltime
Job Wall-clock time: 04:14:59
Memory Utilized: 96.19 GB (estimated maximum)
Memory Efficiency: 10.69% of 900.00 GB (3.52 GB/core)

