Running SLURM prolog script on ruby062.cluster.local
===============================================================================
Job started on Sat Mar 11 11:33:44 GMT 2023
Job ID          : 2784931
Job name        : 48k
WorkDir         : /mainfs/scratch/ml4n17/jm/48000
Command         : /mainfs/scratch/ml4n17/jm/48000/subOpt
Partition       : amd
Num hosts       : 4
Num cores       : 256
Num of tasks    : 256
Hosts allocated : ruby[062,064-065,067]
Job Output Follows ...
===============================================================================
Starting calculation at Sat Mar 11 11:33:45 GMT 2023
---------------------------------------------------------------
make: Entering directory `/mainfs/home/ml4n17/Lotus/solver/src/geom'
make: `libgeom.a' is up to date.
make: Leaving directory `/mainfs/home/ml4n17/Lotus/solver/src/geom'
make: Entering directory `/mainfs/home/ml4n17/Lotus/solver/src/oop'
make: `libfluid.a' is up to date.
make: Leaving directory `/mainfs/home/ml4n17/Lotus/solver/src/oop'
mpif90 -cpp -DMPION -DDUBON -fdefault-real-8 -Ofast -funroll-loops --param max-unroll-times=4  -I/home/ml4n17/Lotus/solver/src/oop -I/home/ml4n17/Lotus/solver/src/geom/geom_lib_include -c lotus.f90
mpif90 -cpp -DMPION -DDUBON -fdefault-real-8 -Ofast -funroll-loops --param max-unroll-times=4  -o lotus lotus.o -L/home/ml4n17/Lotus/solver/src/oop/. -L/home/ml4n17/Lotus/solver/src/geom/. -lfluid -lgeom
 Setting up the grid, body and fluid
 -----------------------------------
composite(1536.0)=1536
  products :3*2**9
composite(1536.0)=1536
  products :3*2**9
composite(32.0)=32
  products :1*2**5
 Stretched grid sections:
  negative: r= 0.6%, h_max=12.5
  positive: r= 0.6%, h_max=9.9
 grid symmetry:  F
 Stretched grid sections:
  negative: r= 0.4%, h_max=6.0
  positive: r= 0.4%, h_max=6.0
 grid symmetry:  T
 Starting time update loop
 -----------------------------------
Time:          0.000
Time:          1.001
Time:          2.000
Time:          3.001
Time:          4.001
Time:          5.001
Time:          6.002
 Loop complete: writing restart files and exiting
 -----------------------------------
make: Entering directory `/mainfs/home/ml4n17/Lotus/solver/src/geom'
make: `libgeom.a' is up to date.
make: Leaving directory `/mainfs/home/ml4n17/Lotus/solver/src/geom'
make: Entering directory `/mainfs/home/ml4n17/Lotus/solver/src/oop'
make: `libfluid.a' is up to date.
make: Leaving directory `/mainfs/home/ml4n17/Lotus/solver/src/oop'
mpif90 -cpp -DMPION -DDUBON -fdefault-real-8 -Ofast -funroll-loops --param max-unroll-times=4  -I/home/ml4n17/Lotus/solver/src/oop -I/home/ml4n17/Lotus/solver/src/geom/geom_lib_include -c lotus.f90
mpif90 -cpp -DMPION -DDUBON -fdefault-real-8 -Ofast -funroll-loops --param max-unroll-times=4  -o lotus lotus.o -L/home/ml4n17/Lotus/solver/src/oop/. -L/home/ml4n17/Lotus/solver/src/geom/. -lfluid -lgeom
 Setting up the grid, body and fluid
 -----------------------------------
composite(1536.0)=1536
  products :3*2**9
composite(1536.0)=1536
  products :3*2**9
composite(.0)=1
 Stretched grid sections:
  negative: r= 0.6%, h_max=12.5
  positive: r= 0.6%, h_max=9.9
 grid symmetry:  F
 Stretched grid sections:
  negative: r= 0.4%, h_max=6.0
  positive: r= 0.4%, h_max=6.0
 grid symmetry:  T
 Starting time update loop
 -----------------------------------
Time:          0.000
Time:          1.001
Time:          2.001
Time:          3.001
Time:          4.001
Time:          5.001
Time:          6.001
 Loop complete: writing restart files and exiting
 -----------------------------------
make: Entering directory `/mainfs/home/ml4n17/Lotus/solver/src/geom'
make: `libgeom.a' is up to date.
make: Leaving directory `/mainfs/home/ml4n17/Lotus/solver/src/geom'
make: Entering directory `/mainfs/home/ml4n17/Lotus/solver/src/oop'
make: `libfluid.a' is up to date.
make: Leaving directory `/mainfs/home/ml4n17/Lotus/solver/src/oop'
mpif90 -cpp -DMPION -DDUBON -fdefault-real-8 -Ofast -funroll-loops --param max-unroll-times=4  -I/home/ml4n17/Lotus/solver/src/oop -I/home/ml4n17/Lotus/solver/src/geom/geom_lib_include -c lotus.f90
mpif90 -cpp -DMPION -DDUBON -fdefault-real-8 -Ofast -funroll-loops --param max-unroll-times=4  -o lotus lotus.o -L/home/ml4n17/Lotus/solver/src/oop/. -L/home/ml4n17/Lotus/solver/src/geom/. -lfluid -lgeom
 Setting up the grid, body and fluid
 -----------------------------------
composite(1536.0)=1536
  products :3*2**9
composite(1536.0)=1536
  products :3*2**9
composite(32.0)=32
  products :1*2**5
 Stretched grid sections:
  negative: r= 0.6%, h_max=12.5
  positive: r= 0.6%, h_max=9.9
 grid symmetry:  F
 Stretched grid sections:
  negative: r= 0.4%, h_max=6.0
  positive: r= 0.4%, h_max=6.0
 grid symmetry:  T
 Starting time update loop
 -----------------------------------
Time:          0.000
Time:          1.001
Time:          2.001
Time:          3.001
Time:          4.001
Time:          5.000
Time:          6.001
 Loop complete: writing restart files and exiting
 -----------------------------------
make: Entering directory `/mainfs/home/ml4n17/Lotus/solver/src/geom'
make: `libgeom.a' is up to date.
make: Leaving directory `/mainfs/home/ml4n17/Lotus/solver/src/geom'
make: Entering directory `/mainfs/home/ml4n17/Lotus/solver/src/oop'
make: `libfluid.a' is up to date.
make: Leaving directory `/mainfs/home/ml4n17/Lotus/solver/src/oop'
mpif90 -cpp -DMPION -DDUBON -fdefault-real-8 -Ofast -funroll-loops --param max-unroll-times=4  -I/home/ml4n17/Lotus/solver/src/oop -I/home/ml4n17/Lotus/solver/src/geom/geom_lib_include -c lotus.f90
mpif90 -cpp -DMPION -DDUBON -fdefault-real-8 -Ofast -funroll-loops --param max-unroll-times=4  -o lotus lotus.o -L/home/ml4n17/Lotus/solver/src/oop/. -L/home/ml4n17/Lotus/solver/src/geom/. -lfluid -lgeom
 Setting up the grid, body and fluid
 -----------------------------------
composite(1536.0)=1536
  products :3*2**9
composite(1536.0)=1536
  products :3*2**9
composite(.0)=1
 Stretched grid sections:
  negative: r= 0.6%, h_max=12.5
  positive: r= 0.6%, h_max=9.9
 grid symmetry:  F
 Stretched grid sections:
  negative: r= 0.4%, h_max=6.0
  positive: r= 0.4%, h_max=6.0
 grid symmetry:  T
 Starting time update loop
 -----------------------------------
Time:          0.000
Time:          1.000
Time:          2.000
Time:          3.000
Time:          4.001
Time:          5.001
Time:          6.001
 Loop complete: writing restart files and exiting
 -----------------------------------
make: Entering directory `/mainfs/home/ml4n17/Lotus/solver/src/geom'
make: `libgeom.a' is up to date.
make: Leaving directory `/mainfs/home/ml4n17/Lotus/solver/src/geom'
make: Entering directory `/mainfs/home/ml4n17/Lotus/solver/src/oop'
make: `libfluid.a' is up to date.
make: Leaving directory `/mainfs/home/ml4n17/Lotus/solver/src/oop'
mpif90 -cpp -DMPION -DDUBON -fdefault-real-8 -Ofast -funroll-loops --param max-unroll-times=4  -I/home/ml4n17/Lotus/solver/src/oop -I/home/ml4n17/Lotus/solver/src/geom/geom_lib_include -c lotus.f90
mpif90 -cpp -DMPION -DDUBON -fdefault-real-8 -Ofast -funroll-loops --param max-unroll-times=4  -o lotus lotus.o -L/home/ml4n17/Lotus/solver/src/oop/. -L/home/ml4n17/Lotus/solver/src/geom/. -lfluid -lgeom
 Setting up the grid, body and fluid
 -----------------------------------
composite(1536.0)=1536
  products :3*2**9
composite(1536.0)=1536
  products :3*2**9
composite(32.0)=32
  products :1*2**5
 Stretched grid sections:
  negative: r= 0.6%, h_max=12.5
  positive: r= 0.6%, h_max=9.9
 grid symmetry:  F
 Stretched grid sections:
  negative: r= 0.4%, h_max=6.0
  positive: r= 0.4%, h_max=6.0
 grid symmetry:  T
 Starting time update loop
 -----------------------------------
Time:          0.000
Time:          1.000
Time:          2.001
Time:          3.000
Time:          4.000
Time:          5.001
Time:          6.000
 Loop complete: writing restart files and exiting
 -----------------------------------
make: Entering directory `/mainfs/home/ml4n17/Lotus/solver/src/geom'
make: `libgeom.a' is up to date.
make: Leaving directory `/mainfs/home/ml4n17/Lotus/solver/src/geom'
make: Entering directory `/mainfs/home/ml4n17/Lotus/solver/src/oop'
make: `libfluid.a' is up to date.
make: Leaving directory `/mainfs/home/ml4n17/Lotus/solver/src/oop'
mpif90 -cpp -DMPION -DDUBON -fdefault-real-8 -Ofast -funroll-loops --param max-unroll-times=4  -I/home/ml4n17/Lotus/solver/src/oop -I/home/ml4n17/Lotus/solver/src/geom/geom_lib_include -c lotus.f90
mpif90 -cpp -DMPION -DDUBON -fdefault-real-8 -Ofast -funroll-loops --param max-unroll-times=4  -o lotus lotus.o -L/home/ml4n17/Lotus/solver/src/oop/. -L/home/ml4n17/Lotus/solver/src/geom/. -lfluid -lgeom
 Setting up the grid, body and fluid
 -----------------------------------
composite(1536.0)=1536
  products :3*2**9
composite(1536.0)=1536
  products :3*2**9
composite(.0)=1
 Stretched grid sections:
  negative: r= 0.6%, h_max=12.5
  positive: r= 0.6%, h_max=9.9
 grid symmetry:  F
 Stretched grid sections:
  negative: r= 0.4%, h_max=6.0
  positive: r= 0.4%, h_max=6.0
 grid symmetry:  T
 Starting time update loop
 -----------------------------------
Time:          0.000
Time:          1.001
Time:          2.001
Time:          3.001
Time:          4.001
Time:          5.001
Time:          6.000
 Loop complete: writing restart files and exiting
 -----------------------------------
make: Entering directory `/mainfs/home/ml4n17/Lotus/solver/src/geom'
make: `libgeom.a' is up to date.
make: Leaving directory `/mainfs/home/ml4n17/Lotus/solver/src/geom'
make: Entering directory `/mainfs/home/ml4n17/Lotus/solver/src/oop'
make: `libfluid.a' is up to date.
make: Leaving directory `/mainfs/home/ml4n17/Lotus/solver/src/oop'
mpif90 -cpp -DMPION -DDUBON -fdefault-real-8 -Ofast -funroll-loops --param max-unroll-times=4  -I/home/ml4n17/Lotus/solver/src/oop -I/home/ml4n17/Lotus/solver/src/geom/geom_lib_include -c lotus.f90
mpif90 -cpp -DMPION -DDUBON -fdefault-real-8 -Ofast -funroll-loops --param max-unroll-times=4  -o lotus lotus.o -L/home/ml4n17/Lotus/solver/src/oop/. -L/home/ml4n17/Lotus/solver/src/geom/. -lfluid -lgeom
 Setting up the grid, body and fluid
 -----------------------------------
composite(1536.0)=1536
  products :3*2**9
composite(1536.0)=1536
  products :3*2**9
composite(32.0)=32
  products :1*2**5
 Stretched grid sections:
  negative: r= 0.6%, h_max=12.5
  positive: r= 0.6%, h_max=9.9
 grid symmetry:  F
 Stretched grid sections:
  negative: r= 0.4%, h_max=6.0
  positive: r= 0.4%, h_max=6.0
 grid symmetry:  T
 Starting time update loop
 -----------------------------------
Time:          0.000
Time:          1.002
Time:          2.001
Time:          3.002
Time:          4.000
Time:          5.001
Time:          6.000
 Loop complete: writing restart files and exiting
 -----------------------------------
make: Entering directory `/mainfs/home/ml4n17/Lotus/solver/src/geom'
make: `libgeom.a' is up to date.
make: Leaving directory `/mainfs/home/ml4n17/Lotus/solver/src/geom'
make: Entering directory `/mainfs/home/ml4n17/Lotus/solver/src/oop'
make: `libfluid.a' is up to date.
make: Leaving directory `/mainfs/home/ml4n17/Lotus/solver/src/oop'
mpif90 -cpp -DMPION -DDUBON -fdefault-real-8 -Ofast -funroll-loops --param max-unroll-times=4  -I/home/ml4n17/Lotus/solver/src/oop -I/home/ml4n17/Lotus/solver/src/geom/geom_lib_include -c lotus.f90
mpif90 -cpp -DMPION -DDUBON -fdefault-real-8 -Ofast -funroll-loops --param max-unroll-times=4  -o lotus lotus.o -L/home/ml4n17/Lotus/solver/src/oop/. -L/home/ml4n17/Lotus/solver/src/geom/. -lfluid -lgeom
 Setting up the grid, body and fluid
 -----------------------------------
composite(1536.0)=1536
  products :3*2**9
composite(1536.0)=1536
  products :3*2**9
composite(.0)=1
 Stretched grid sections:
  negative: r= 0.6%, h_max=12.5
  positive: r= 0.6%, h_max=9.9
 grid symmetry:  F
 Stretched grid sections:
  negative: r= 0.4%, h_max=6.0
  positive: r= 0.4%, h_max=6.0
 grid symmetry:  T
 Starting time update loop
 -----------------------------------
Time:          0.000
Time:          1.001
Time:          2.001
Time:          3.001
Time:          4.001
Time:          5.001
Time:          6.000
 Loop complete: writing restart files and exiting
 -----------------------------------
make: Entering directory `/mainfs/home/ml4n17/Lotus/solver/src/geom'
make: `libgeom.a' is up to date.
make: Leaving directory `/mainfs/home/ml4n17/Lotus/solver/src/geom'
make: Entering directory `/mainfs/home/ml4n17/Lotus/solver/src/oop'
make: `libfluid.a' is up to date.
make: Leaving directory `/mainfs/home/ml4n17/Lotus/solver/src/oop'
mpif90 -cpp -DMPION -DDUBON -fdefault-real-8 -Ofast -funroll-loops --param max-unroll-times=4  -I/home/ml4n17/Lotus/solver/src/oop -I/home/ml4n17/Lotus/solver/src/geom/geom_lib_include -c lotus.f90
mpif90 -cpp -DMPION -DDUBON -fdefault-real-8 -Ofast -funroll-loops --param max-unroll-times=4  -o lotus lotus.o -L/home/ml4n17/Lotus/solver/src/oop/. -L/home/ml4n17/Lotus/solver/src/geom/. -lfluid -lgeom
 Setting up the grid, body and fluid
 -----------------------------------
composite(1536.0)=1536
  products :3*2**9
composite(1536.0)=1536
  products :3*2**9
composite(32.0)=32
  products :1*2**5
 Stretched grid sections:
  negative: r= 0.6%, h_max=12.5
  positive: r= 0.6%, h_max=9.9
 grid symmetry:  F
 Stretched grid sections:
  negative: r= 0.4%, h_max=6.0
  positive: r= 0.4%, h_max=6.0
 grid symmetry:  T
 Starting time update loop
 -----------------------------------
Time:          0.000
Time:          1.001
Time:          2.001
Time:          3.000
Time:          4.000
Time:          5.001
Time:          6.000
 Loop complete: writing restart files and exiting
 -----------------------------------
make: Entering directory `/mainfs/home/ml4n17/Lotus/solver/src/geom'
make: `libgeom.a' is up to date.
make: Leaving directory `/mainfs/home/ml4n17/Lotus/solver/src/geom'
make: Entering directory `/mainfs/home/ml4n17/Lotus/solver/src/oop'
make: `libfluid.a' is up to date.
make: Leaving directory `/mainfs/home/ml4n17/Lotus/solver/src/oop'
mpif90 -cpp -DMPION -DDUBON -fdefault-real-8 -Ofast -funroll-loops --param max-unroll-times=4  -I/home/ml4n17/Lotus/solver/src/oop -I/home/ml4n17/Lotus/solver/src/geom/geom_lib_include -c lotus.f90
mpif90 -cpp -DMPION -DDUBON -fdefault-real-8 -Ofast -funroll-loops --param max-unroll-times=4  -o lotus lotus.o -L/home/ml4n17/Lotus/solver/src/oop/. -L/home/ml4n17/Lotus/solver/src/geom/. -lfluid -lgeom
 Setting up the grid, body and fluid
 -----------------------------------
composite(1536.0)=1536
  products :3*2**9
composite(1536.0)=1536
  products :3*2**9
composite(.0)=1
 Stretched grid sections:
  negative: r= 0.6%, h_max=12.5
  positive: r= 0.6%, h_max=9.9
 grid symmetry:  F
 Stretched grid sections:
  negative: r= 0.4%, h_max=6.0
  positive: r= 0.4%, h_max=6.0
 grid symmetry:  T
 Starting time update loop
 -----------------------------------
Time:          0.000
Time:          1.001
Time:          2.001
Time:          3.001
Time:          4.001
Time:          5.000
Time:          6.001
 Loop complete: writing restart files and exiting
 -----------------------------------
make: Entering directory `/mainfs/home/ml4n17/Lotus/solver/src/geom'
make: `libgeom.a' is up to date.
make: Leaving directory `/mainfs/home/ml4n17/Lotus/solver/src/geom'
make: Entering directory `/mainfs/home/ml4n17/Lotus/solver/src/oop'
make: `libfluid.a' is up to date.
make: Leaving directory `/mainfs/home/ml4n17/Lotus/solver/src/oop'
mpif90 -cpp -DMPION -DDUBON -fdefault-real-8 -Ofast -funroll-loops --param max-unroll-times=4  -I/home/ml4n17/Lotus/solver/src/oop -I/home/ml4n17/Lotus/solver/src/geom/geom_lib_include -c lotus.f90
mpif90 -cpp -DMPION -DDUBON -fdefault-real-8 -Ofast -funroll-loops --param max-unroll-times=4  -o lotus lotus.o -L/home/ml4n17/Lotus/solver/src/oop/. -L/home/ml4n17/Lotus/solver/src/geom/. -lfluid -lgeom
 Setting up the grid, body and fluid
 -----------------------------------
composite(1536.0)=1536
  products :3*2**9
composite(1536.0)=1536
  products :3*2**9
composite(32.0)=32
  products :1*2**5
 Stretched grid sections:
  negative: r= 0.6%, h_max=12.5
  positive: r= 0.6%, h_max=9.9
 grid symmetry:  F
 Stretched grid sections:
  negative: r= 0.4%, h_max=6.0
  positive: r= 0.4%, h_max=6.0
 grid symmetry:  T
 Starting time update loop
 -----------------------------------
Time:          0.000
Time:          1.001
Time:          2.001
Time:          3.001
Time:          4.002
Time:          5.000
Time:          6.000
 Loop complete: writing restart files and exiting
 -----------------------------------
make: Entering directory `/mainfs/home/ml4n17/Lotus/solver/src/geom'
make: `libgeom.a' is up to date.
make: Leaving directory `/mainfs/home/ml4n17/Lotus/solver/src/geom'
make: Entering directory `/mainfs/home/ml4n17/Lotus/solver/src/oop'
make: `libfluid.a' is up to date.
make: Leaving directory `/mainfs/home/ml4n17/Lotus/solver/src/oop'
mpif90 -cpp -DMPION -DDUBON -fdefault-real-8 -Ofast -funroll-loops --param max-unroll-times=4  -I/home/ml4n17/Lotus/solver/src/oop -I/home/ml4n17/Lotus/solver/src/geom/geom_lib_include -c lotus.f90
mpif90 -cpp -DMPION -DDUBON -fdefault-real-8 -Ofast -funroll-loops --param max-unroll-times=4  -o lotus lotus.o -L/home/ml4n17/Lotus/solver/src/oop/. -L/home/ml4n17/Lotus/solver/src/geom/. -lfluid -lgeom
 Setting up the grid, body and fluid
 -----------------------------------
composite(1536.0)=1536
  products :3*2**9
composite(1536.0)=1536
  products :3*2**9
composite(.0)=1
 Stretched grid sections:
  negative: r= 0.6%, h_max=12.5
  positive: r= 0.6%, h_max=9.9
 grid symmetry:  F
 Stretched grid sections:
  negative: r= 0.4%, h_max=6.0
  positive: r= 0.4%, h_max=6.0
 grid symmetry:  T
 Starting time update loop
 -----------------------------------
Time:          0.000
Time:          1.000
Time:          2.001
Time:          3.001
Time:          4.001
Time:          5.001
Time:          6.001
 Loop complete: writing restart files and exiting
 -----------------------------------
make: Entering directory `/mainfs/home/ml4n17/Lotus/solver/src/geom'
make: `libgeom.a' is up to date.
make: Leaving directory `/mainfs/home/ml4n17/Lotus/solver/src/geom'
make: Entering directory `/mainfs/home/ml4n17/Lotus/solver/src/oop'
make: `libfluid.a' is up to date.
make: Leaving directory `/mainfs/home/ml4n17/Lotus/solver/src/oop'
mpif90 -cpp -DMPION -DDUBON -fdefault-real-8 -Ofast -funroll-loops --param max-unroll-times=4  -I/home/ml4n17/Lotus/solver/src/oop -I/home/ml4n17/Lotus/solver/src/geom/geom_lib_include -c lotus.f90
mpif90 -cpp -DMPION -DDUBON -fdefault-real-8 -Ofast -funroll-loops --param max-unroll-times=4  -o lotus lotus.o -L/home/ml4n17/Lotus/solver/src/oop/. -L/home/ml4n17/Lotus/solver/src/geom/. -lfluid -lgeom
 Setting up the grid, body and fluid
 -----------------------------------
composite(1536.0)=1536
  products :3*2**9
composite(1536.0)=1536
  products :3*2**9
composite(32.0)=32
  products :1*2**5
 Stretched grid sections:
  negative: r= 0.6%, h_max=12.5
  positive: r= 0.6%, h_max=9.9
 grid symmetry:  F
 Stretched grid sections:
  negative: r= 0.4%, h_max=6.0
  positive: r= 0.4%, h_max=6.0
 grid symmetry:  T
 Starting time update loop
 -----------------------------------
Time:          0.000
Time:          1.001
Time:          2.001
Time:          3.001
Time:          4.001
Time:          5.000
Time:          6.000
 Loop complete: writing restart files and exiting
 -----------------------------------
make: Entering directory `/mainfs/home/ml4n17/Lotus/solver/src/geom'
make: `libgeom.a' is up to date.
make: Leaving directory `/mainfs/home/ml4n17/Lotus/solver/src/geom'
make: Entering directory `/mainfs/home/ml4n17/Lotus/solver/src/oop'
make: `libfluid.a' is up to date.
make: Leaving directory `/mainfs/home/ml4n17/Lotus/solver/src/oop'
mpif90 -cpp -DMPION -DDUBON -fdefault-real-8 -Ofast -funroll-loops --param max-unroll-times=4  -I/home/ml4n17/Lotus/solver/src/oop -I/home/ml4n17/Lotus/solver/src/geom/geom_lib_include -c lotus.f90
mpif90 -cpp -DMPION -DDUBON -fdefault-real-8 -Ofast -funroll-loops --param max-unroll-times=4  -o lotus lotus.o -L/home/ml4n17/Lotus/solver/src/oop/. -L/home/ml4n17/Lotus/solver/src/geom/. -lfluid -lgeom
 Setting up the grid, body and fluid
 -----------------------------------
composite(1536.0)=1536
  products :3*2**9
composite(1536.0)=1536
  products :3*2**9
composite(.0)=1
 Stretched grid sections:
  negative: r= 0.6%, h_max=12.5
  positive: r= 0.6%, h_max=9.9
 grid symmetry:  F
 Stretched grid sections:
  negative: r= 0.4%, h_max=6.0
  positive: r= 0.4%, h_max=6.0
 grid symmetry:  T
 Starting time update loop
 -----------------------------------
Time:          0.000
Time:          1.001
Time:          2.001
Time:          3.001
Time:          4.001
Time:          5.001
Time:          6.000
 Loop complete: writing restart files and exiting
 -----------------------------------
make: Entering directory `/mainfs/home/ml4n17/Lotus/solver/src/geom'
make: `libgeom.a' is up to date.
make: Leaving directory `/mainfs/home/ml4n17/Lotus/solver/src/geom'
make: Entering directory `/mainfs/home/ml4n17/Lotus/solver/src/oop'
make: `libfluid.a' is up to date.
make: Leaving directory `/mainfs/home/ml4n17/Lotus/solver/src/oop'
mpif90 -cpp -DMPION -DDUBON -fdefault-real-8 -Ofast -funroll-loops --param max-unroll-times=4  -I/home/ml4n17/Lotus/solver/src/oop -I/home/ml4n17/Lotus/solver/src/geom/geom_lib_include -c lotus.f90
mpif90 -cpp -DMPION -DDUBON -fdefault-real-8 -Ofast -funroll-loops --param max-unroll-times=4  -o lotus lotus.o -L/home/ml4n17/Lotus/solver/src/oop/. -L/home/ml4n17/Lotus/solver/src/geom/. -lfluid -lgeom
 Setting up the grid, body and fluid
 -----------------------------------
composite(1536.0)=1536
  products :3*2**9
composite(1536.0)=1536
  products :3*2**9
composite(32.0)=32
  products :1*2**5
 Stretched grid sections:
  negative: r= 0.6%, h_max=12.5
  positive: r= 0.6%, h_max=9.9
 grid symmetry:  F
 Stretched grid sections:
  negative: r= 0.4%, h_max=6.0
  positive: r= 0.4%, h_max=6.0
 grid symmetry:  T
 Starting time update loop
 -----------------------------------
Time:          0.000
Time:          1.001
Time:          2.000
Time:          3.001
Time:          4.001
Time:          5.000
Time:          6.000
 Loop complete: writing restart files and exiting
 -----------------------------------
make: Entering directory `/mainfs/home/ml4n17/Lotus/solver/src/geom'
make: `libgeom.a' is up to date.
make: Leaving directory `/mainfs/home/ml4n17/Lotus/solver/src/geom'
make: Entering directory `/mainfs/home/ml4n17/Lotus/solver/src/oop'
make: `libfluid.a' is up to date.
make: Leaving directory `/mainfs/home/ml4n17/Lotus/solver/src/oop'
mpif90 -cpp -DMPION -DDUBON -fdefault-real-8 -Ofast -funroll-loops --param max-unroll-times=4  -I/home/ml4n17/Lotus/solver/src/oop -I/home/ml4n17/Lotus/solver/src/geom/geom_lib_include -c lotus.f90
mpif90 -cpp -DMPION -DDUBON -fdefault-real-8 -Ofast -funroll-loops --param max-unroll-times=4  -o lotus lotus.o -L/home/ml4n17/Lotus/solver/src/oop/. -L/home/ml4n17/Lotus/solver/src/geom/. -lfluid -lgeom
 Setting up the grid, body and fluid
 -----------------------------------
composite(1536.0)=1536
  products :3*2**9
composite(1536.0)=1536
  products :3*2**9
composite(.0)=1
 Stretched grid sections:
  negative: r= 0.6%, h_max=12.5
  positive: r= 0.6%, h_max=9.9
 grid symmetry:  F
 Stretched grid sections:
  negative: r= 0.4%, h_max=6.0
  positive: r= 0.4%, h_max=6.0
 grid symmetry:  T
 Starting time update loop
 -----------------------------------
Time:          0.000
Time:          1.000
Time:          2.001
Time:          3.001
Time:          4.000
Time:          5.001
Time:          6.001
 Loop complete: writing restart files and exiting
 -----------------------------------
Number of proccessors :256
Run folder            :/mainfs/scratch/ml4n17/jm/48000/4
No read folder
Creating /mainfs/scratch/ml4n17/jm/48000/4
Setting up in /mainfs/scratch/ml4n17/jm/48000/4
No postprocessing set up
No stopping criteria, the simulation will run its course
Making executable 
Finished executable 
Running executable 
Run all python files for postprocessing
Popping back up
Number of proccessors :256
Run folder            :/mainfs/scratch/ml4n17/jm/48000/4-2d
No read folder
Creating /mainfs/scratch/ml4n17/jm/48000/4-2d
Setting up in /mainfs/scratch/ml4n17/jm/48000/4-2d
No postprocessing set up
No stopping criteria, the simulation will run its course
Making executable 
Finished executable 
Running executable 
Run all python files for postprocessing
Popping back up
Number of proccessors :256
Run folder            :/mainfs/scratch/ml4n17/jm/48000/8
No read folder
Creating /mainfs/scratch/ml4n17/jm/48000/8
Setting up in /mainfs/scratch/ml4n17/jm/48000/8
No postprocessing set up
No stopping criteria, the simulation will run its course
Making executable 
Finished executable 
Running executable 
Run all python files for postprocessing
Popping back up
Number of proccessors :256
Run folder            :/mainfs/scratch/ml4n17/jm/48000/8-2d
No read folder
Creating /mainfs/scratch/ml4n17/jm/48000/8-2d
Setting up in /mainfs/scratch/ml4n17/jm/48000/8-2d
No postprocessing set up
No stopping criteria, the simulation will run its course
Making executable 
Finished executable 
Running executable 
Run all python files for postprocessing
Popping back up
Number of proccessors :256
Run folder            :/mainfs/scratch/ml4n17/jm/48000/12
No read folder
Creating /mainfs/scratch/ml4n17/jm/48000/12
Setting up in /mainfs/scratch/ml4n17/jm/48000/12
No postprocessing set up
No stopping criteria, the simulation will run its course
Making executable 
Finished executable 
Running executable 
Run all python files for postprocessing
Popping back up
Number of proccessors :256
Run folder            :/mainfs/scratch/ml4n17/jm/48000/12-2d
No read folder
Creating /mainfs/scratch/ml4n17/jm/48000/12-2d
Setting up in /mainfs/scratch/ml4n17/jm/48000/12-2d
No postprocessing set up
No stopping criteria, the simulation will run its course
Making executable 
Finished executable 
Running executable 
Run all python files for postprocessing
Popping back up
Number of proccessors :256
Run folder            :/mainfs/scratch/ml4n17/jm/48000/16
No read folder
Creating /mainfs/scratch/ml4n17/jm/48000/16
Setting up in /mainfs/scratch/ml4n17/jm/48000/16
No postprocessing set up
No stopping criteria, the simulation will run its course
Making executable 
Finished executable 
Running executable 
Run all python files for postprocessing
Popping back up
Number of proccessors :256
Run folder            :/mainfs/scratch/ml4n17/jm/48000/16-2d
No read folder
Creating /mainfs/scratch/ml4n17/jm/48000/16-2d
Setting up in /mainfs/scratch/ml4n17/jm/48000/16-2d
No postprocessing set up
No stopping criteria, the simulation will run its course
Making executable 
Finished executable 
Running executable 
Run all python files for postprocessing
Popping back up
Number of proccessors :256
Run folder            :/mainfs/scratch/ml4n17/jm/48000/20
No read folder
Creating /mainfs/scratch/ml4n17/jm/48000/20
Setting up in /mainfs/scratch/ml4n17/jm/48000/20
No postprocessing set up
No stopping criteria, the simulation will run its course
Making executable 
Finished executable 
Running executable 
Run all python files for postprocessing
Popping back up
Number of proccessors :256
Run folder            :/mainfs/scratch/ml4n17/jm/48000/20-2d
No read folder
Creating /mainfs/scratch/ml4n17/jm/48000/20-2d
Setting up in /mainfs/scratch/ml4n17/jm/48000/20-2d
No postprocessing set up
No stopping criteria, the simulation will run its course
Making executable 
Finished executable 
Running executable 
Run all python files for postprocessing
Popping back up
Number of proccessors :256
Run folder            :/mainfs/scratch/ml4n17/jm/48000/24
No read folder
Creating /mainfs/scratch/ml4n17/jm/48000/24
Setting up in /mainfs/scratch/ml4n17/jm/48000/24
No postprocessing set up
No stopping criteria, the simulation will run its course
Making executable 
Finished executable 
Running executable 
Run all python files for postprocessing
Popping back up
Number of proccessors :256
Run folder            :/mainfs/scratch/ml4n17/jm/48000/24-2d
No read folder
Creating /mainfs/scratch/ml4n17/jm/48000/24-2d
Setting up in /mainfs/scratch/ml4n17/jm/48000/24-2d
No postprocessing set up
No stopping criteria, the simulation will run its course
Making executable 
Finished executable 
Running executable 
Run all python files for postprocessing
Popping back up
Number of proccessors :256
Run folder            :/mainfs/scratch/ml4n17/jm/48000/28
No read folder
Creating /mainfs/scratch/ml4n17/jm/48000/28
Setting up in /mainfs/scratch/ml4n17/jm/48000/28
No postprocessing set up
No stopping criteria, the simulation will run its course
Making executable 
Finished executable 
Running executable 
Run all python files for postprocessing
Popping back up
Number of proccessors :256
Run folder            :/mainfs/scratch/ml4n17/jm/48000/28-2d
No read folder
Creating /mainfs/scratch/ml4n17/jm/48000/28-2d
Setting up in /mainfs/scratch/ml4n17/jm/48000/28-2d
No postprocessing set up
No stopping criteria, the simulation will run its course
Making executable 
Finished executable 
Running executable 
Run all python files for postprocessing
Popping back up
Number of proccessors :256
Run folder            :/mainfs/scratch/ml4n17/jm/48000/32
No read folder
Creating /mainfs/scratch/ml4n17/jm/48000/32
Setting up in /mainfs/scratch/ml4n17/jm/48000/32
No postprocessing set up
No stopping criteria, the simulation will run its course
Making executable 
Finished executable 
Running executable 
Run all python files for postprocessing
Popping back up
Number of proccessors :256
Run folder            :/mainfs/scratch/ml4n17/jm/48000/32-2d
No read folder
Creating /mainfs/scratch/ml4n17/jm/48000/32-2d
Setting up in /mainfs/scratch/ml4n17/jm/48000/32-2d
No postprocessing set up
No stopping criteria, the simulation will run its course
Making executable 
Finished executable 
Running executable 
Run all python files for postprocessing
Popping back up
==============================================================================
Running epilogue script on ruby062.

Submit time  : 2023-03-11T11:22:15
Start time   : 2023-03-11T11:33:44
End time     : 2023-03-12T03:16:26
Elapsed time : 15:42:42 (Timelimit=2-12:00:00)

Job ID: 2784931
Cluster: i5
User/Group: ml4n17/mm
State: COMPLETED (exit code 0)
Nodes: 4
Cores per node: 64
CPU Utilized: 165-06:46:38
CPU Efficiency: 98.62% of 167-14:11:12 core-walltime
Job Wall-clock time: 15:42:42
Memory Utilized: 16.79 GB
Memory Efficiency: 1.87% of 900.00 GB

